2021-02-15 14:02:36,259 INFO  [org.jboss.modules] (main) JBoss Modules version 1.10.2.Final
2021-02-15 14:02:38,353 INFO  [org.jboss.msc] (main) JBoss MSC version 1.4.12.Final
2021-02-15 14:02:38,367 INFO  [org.jboss.threads] (main) JBoss Threads version 2.4.0.Final
2021-02-15 14:02:38,482 INFO  [org.jboss.as] (MSC service thread 1-2) WFLYSRV0049: Keycloak 12.0.2 (WildFly Core 13.0.3.Final) starting
2021-02-15 14:02:38,484 DEBUG [org.jboss.as.config] (MSC service thread 1-2) Configured system properties:
	awt.toolkit = sun.awt.windows.WToolkit
	file.encoding = Cp1252
	file.encoding.pkg = sun.io
	file.separator = \
	java.awt.graphicsenv = sun.awt.Win32GraphicsEnvironment
	java.awt.printerjob = sun.awt.windows.WPrinterJob
	java.class.path = F:\Wofss\Keycloak\wssKeycloak\keycloak-12.0.2\jboss-modules.jar
	java.class.version = 52.0
	java.endorsed.dirs = C:\Program Files\Java\jre1.8.0_281\lib\endorsed
	java.ext.dirs = C:\Program Files\Java\jre1.8.0_281\lib\ext;C:\Windows\Sun\Java\lib\ext
	java.home = C:\Program Files\Java\jre1.8.0_281
	java.io.tmpdir = C:\Users\engos\AppData\Local\Temp\
	java.library.path = C:\Program Files (x86)\Common Files\Oracle\Java\javapath;C:\Windows\Sun\Java\bin;C:\Windows\system32;C:\Windows;C:\Program Files (x86)\Common Files\Oracle\Java\javapath;C:\Program Files (x86)\Intel\iCLS Client\;C:\Program Files\Intel\iCLS Client\;C:\windows\system32;C:\windows;C:\windows\System32\Wbem;C:\windows\System32\WindowsPowerShell\v1.0\;C:\Program Files (x86)\Intel\Intel(R) Management Engine Components\DAL;C:\Program Files\Intel\Intel(R) Management Engine Components\DAL;C:\Program Files (x86)\Intel\Intel(R) Management Engine Components\IPT;C:\Program Files\Intel\Intel(R) Management Engine Components\IPT;C:\Program Files (x86)\NVIDIA Corporation\PhysX\Common;C:\Windows\system32;C:\Windows;C:\Windows\System32\Wbem;C:\Windows\System32\WindowsPowerShell\v1.0\;C:\Windows\System32\OpenSSH\;C:\Program Files\nodejs\;C:\Program Files\dotnet\;C:\Program Files\Git\cmd;C:\Program Files\Microsoft SQL Server\130\Tools\Binn\;C:\Program Files\Microsoft SQL Server\Client SDK\ODBC\170\Tools\Binn\;C:\Program Files (x86)\dotnet\;C:\Program Files\NVIDIA Corporation\NVIDIA NvDLISR;C:\Users\engos\AppData\Local\Microsoft\WindowsApps;;C:\Users\engos\AppData\Local\Programs\Microsoft VS Code\bin;C:\Users\engos\AppData\Roaming\npm;C:\Users\engos\.dotnet\tools;.
	java.net.preferIPv4Stack = true
	java.runtime.name = Java(TM) SE Runtime Environment
	java.runtime.version = 1.8.0_281-b09
	java.specification.name = Java Platform API Specification
	java.specification.vendor = Oracle Corporation
	java.specification.version = 1.8
	java.util.logging.manager = org.jboss.logmanager.LogManager
	java.vendor = Oracle Corporation
	java.vendor.url = http://java.oracle.com/
	java.vendor.url.bug = http://bugreport.sun.com/bugreport/
	java.version = 1.8.0_281
	java.vm.info = mixed mode
	java.vm.name = Java HotSpot(TM) 64-Bit Server VM
	java.vm.specification.name = Java Virtual Machine Specification
	java.vm.specification.vendor = Oracle Corporation
	java.vm.specification.version = 1.8
	java.vm.vendor = Oracle Corporation
	java.vm.version = 25.281-b09
	javax.management.builder.initial = org.jboss.as.jmx.PluggableMBeanServerBuilder
	jboss.home.dir = F:\Wofss\Keycloak\wssKeycloak\keycloak-12.0.2
	jboss.host.name = osamahassouna
	jboss.modules.dir = F:\Wofss\Keycloak\wssKeycloak\keycloak-12.0.2\modules
	jboss.modules.system.pkgs = org.jboss.byteman
	jboss.node.name = osamahassouna
	jboss.qualified.host.name = osamahassouna
	jboss.server.base.dir = F:\Wofss\Keycloak\wssKeycloak\keycloak-12.0.2\standalone
	jboss.server.config.dir = F:\Wofss\Keycloak\wssKeycloak\keycloak-12.0.2\standalone\configuration
	jboss.server.data.dir = F:\Wofss\Keycloak\wssKeycloak\keycloak-12.0.2\standalone\data
	jboss.server.deploy.dir = F:\Wofss\Keycloak\wssKeycloak\keycloak-12.0.2\standalone\data\content
	jboss.server.log.dir = F:\Wofss\Keycloak\wssKeycloak\keycloak-12.0.2\standalone\log
	jboss.server.name = osamahassouna
	jboss.server.persist.config = true
	jboss.server.temp.dir = F:\Wofss\Keycloak\wssKeycloak\keycloak-12.0.2\standalone\tmp
	line.separator = 

	logging.configuration = file:F:\Wofss\Keycloak\wssKeycloak\keycloak-12.0.2\standalone\configuration/logging.properties
	module.path = F:\Wofss\Keycloak\wssKeycloak\keycloak-12.0.2\modules
	org.jboss.boot.log.file = F:\Wofss\Keycloak\wssKeycloak\keycloak-12.0.2\standalone\log\server.log
	org.jboss.resolver.warning = true
	os.arch = amd64
	os.name = Windows 10
	os.version = 10.0
	path.separator = ;
	program.name = standalone.bat
	sun.arch.data.model = 64
	sun.boot.class.path = C:\Program Files\Java\jre1.8.0_281\lib\resources.jar;C:\Program Files\Java\jre1.8.0_281\lib\rt.jar;C:\Program Files\Java\jre1.8.0_281\lib\sunrsasign.jar;C:\Program Files\Java\jre1.8.0_281\lib\jsse.jar;C:\Program Files\Java\jre1.8.0_281\lib\jce.jar;C:\Program Files\Java\jre1.8.0_281\lib\charsets.jar;C:\Program Files\Java\jre1.8.0_281\lib\jfr.jar;C:\Program Files\Java\jre1.8.0_281\classes
	sun.boot.library.path = C:\Program Files\Java\jre1.8.0_281\bin
	sun.cpu.endian = little
	sun.cpu.isalist = amd64
	sun.desktop = windows
	sun.io.unicode.encoding = UnicodeLittle
	sun.java.command = F:\Wofss\Keycloak\wssKeycloak\keycloak-12.0.2\jboss-modules.jar -mp F:\Wofss\Keycloak\wssKeycloak\keycloak-12.0.2\modules org.jboss.as.standalone -Djboss.home.dir=F:\Wofss\Keycloak\wssKeycloak\keycloak-12.0.2
	sun.java.launcher = SUN_STANDARD
	sun.jnu.encoding = Cp1252
	sun.management.compiler = HotSpot 64-Bit Tiered Compilers
	sun.os.patch.level = 
	sun.stderr.encoding = cp850
	sun.stdout.encoding = cp850
	user.country = GB
	user.dir = F:\Wofss\Keycloak\wssKeycloak\keycloak-12.0.2\bin
	user.home = C:\Users\engos
	user.language = en
	user.name = OsamaHassouna
	user.script = 
	user.timezone = Africa/Cairo
	user.variant = 
2021-02-15 14:02:38,485 DEBUG [org.jboss.as.config] (MSC service thread 1-2) VM Arguments: -Dprogram.name=standalone.bat -Xms64M -Xmx512M -XX:MetaspaceSize=96M -XX:MaxMetaspaceSize=256m -Djava.net.preferIPv4Stack=true -Djboss.modules.system.pkgs=org.jboss.byteman -Dorg.jboss.boot.log.file=F:\Wofss\Keycloak\wssKeycloak\keycloak-12.0.2\standalone\log\server.log -Dlogging.configuration=file:F:\Wofss\Keycloak\wssKeycloak\keycloak-12.0.2\standalone\configuration/logging.properties 
2021-02-15 14:02:41,146 INFO  [org.wildfly.security] (ServerService Thread Pool -- 20) ELY00001: WildFly Elytron version 1.13.1.Final
2021-02-15 14:02:43,263 INFO  [org.jboss.as.controller.management-deprecated] (Controller Boot Thread) WFLYCTL0028: Attribute 'security-realm' in the resource at address '/core-service=management/management-interface=http-interface' is deprecated, and may be removed in a future version. See the attribute description in the output of the read-resource-description operation to learn more about the deprecation.
2021-02-15 14:02:43,289 INFO  [org.jboss.as.controller.management-deprecated] (ServerService Thread Pool -- 25) WFLYCTL0028: Attribute 'security-realm' in the resource at address '/subsystem=undertow/server=default-server/https-listener=https' is deprecated, and may be removed in a future version. See the attribute description in the output of the read-resource-description operation to learn more about the deprecation.
2021-02-15 14:02:43,415 INFO  [org.jboss.as.server] (Controller Boot Thread) WFLYSRV0039: Creating http management service using socket-binding (management-http)
2021-02-15 14:02:43,434 INFO  [org.xnio] (MSC service thread 1-4) XNIO version 3.8.2.Final
2021-02-15 14:02:43,440 INFO  [org.xnio.nio] (MSC service thread 1-4) XNIO NIO Implementation Version 3.8.2.Final
2021-02-15 14:02:43,488 INFO  [org.jboss.as.clustering.infinispan] (ServerService Thread Pool -- 37) WFLYCLINF0001: Activating Infinispan subsystem.
2021-02-15 14:02:43,499 WARN  [org.jboss.as.txn] (ServerService Thread Pool -- 49) WFLYTX0013: The node-identifier attribute on the /subsystem=transactions is set to the default value. This is a danger for environments running multiple servers. Please make sure the attribute value is unique.
2021-02-15 14:02:43,535 INFO  [org.jboss.as.naming] (ServerService Thread Pool -- 43) WFLYNAM0001: Activating Naming Subsystem
2021-02-15 14:02:43,524 INFO  [org.jboss.as.connector] (MSC service thread 1-5) WFLYJCA0009: Starting JCA Subsystem (WildFly/IronJacamar 1.4.23.Final)
2021-02-15 14:02:43,601 INFO  [org.jboss.remoting] (MSC service thread 1-6) JBoss Remoting version 5.0.19.Final
2021-02-15 14:02:43,570 INFO  [org.wildfly.extension.io] (ServerService Thread Pool -- 36) WFLYIO001: Worker 'default' has auto-configured to 8 IO threads with 64 max task threads based on your 4 available processors
2021-02-15 14:02:43,564 INFO  [org.jboss.as.security] (ServerService Thread Pool -- 48) WFLYSEC0002: Activating Security Subsystem
2021-02-15 14:02:43,866 INFO  [org.jboss.as.jaxrs] (ServerService Thread Pool -- 38) WFLYRS0016: RESTEasy version 3.13.2.Final
2021-02-15 14:02:43,551 INFO  [org.wildfly.extension.microprofile.config.smallrye._private] (ServerService Thread Pool -- 51) WFLYCONF0001: Activating WildFly MicroProfile Config Subsystem
2021-02-15 14:02:43,877 INFO  [org.jboss.as.mail.extension] (MSC service thread 1-5) WFLYMAIL0001: Bound mail session [java:jboss/mail/Default]
2021-02-15 14:02:43,815 INFO  [org.jboss.as.naming] (MSC service thread 1-3) WFLYNAM0003: Starting Naming Service
2021-02-15 14:02:43,730 WARN  [org.wildfly.clustering.web.undertow] (ServerService Thread Pool -- 54) WFLYCLWEBUT0007: No routing provider found for default-server; using legacy provider based on static configuration
2021-02-15 14:02:43,670 INFO  [org.wildfly.extension.undertow] (MSC service thread 1-8) WFLYUT0003: Undertow 2.2.2.Final starting
2021-02-15 14:02:43,647 INFO  [org.wildfly.extension.microprofile.metrics.smallrye] (ServerService Thread Pool -- 53) WFLYMETRICS0001: Activating Eclipse MicroProfile Metrics Subsystem
2021-02-15 14:02:43,642 INFO  [org.wildfly.extension.microprofile.health.smallrye] (ServerService Thread Pool -- 52) WFLYHEALTH0001: Activating Eclipse MicroProfile Health Subsystem
2021-02-15 14:02:43,640 INFO  [org.jboss.as.connector.subsystems.datasources] (ServerService Thread Pool -- 32) WFLYJCA0004: Deploying JDBC-compliant driver class org.h2.Driver (version 1.4)
2021-02-15 14:02:44,309 INFO  [org.wildfly.extension.undertow] (ServerService Thread Pool -- 54) WFLYUT0014: Creating file handler for path 'F:\Wofss\Keycloak\wssKeycloak\keycloak-12.0.2/welcome-content' with options [directory-listing: 'false', follow-symlink: 'false', case-sensitive: 'true', safe-symlink-paths: '[]']
2021-02-15 14:02:44,244 INFO  [org.jboss.as.ejb3] (MSC service thread 1-3) WFLYEJB0481: Strict pool slsb-strict-max-pool is using a max instance size of 64 (per class), which is derived from thread worker pool sizing.
2021-02-15 14:02:44,243 INFO  [org.jboss.as.ejb3] (MSC service thread 1-1) WFLYEJB0482: Strict pool mdb-strict-max-pool is using a max instance size of 16 (per class), which is derived from the number of CPUs on this host.
2021-02-15 14:02:43,969 INFO  [org.jboss.as.security] (MSC service thread 1-6) WFLYSEC0001: Current PicketBox version=5.0.3.Final-redhat-00006
2021-02-15 14:02:44,453 INFO  [org.wildfly.extension.undertow] (MSC service thread 1-8) WFLYUT0012: Started server default-server.
2021-02-15 14:02:44,422 INFO  [org.jboss.as.connector.deployers.jdbc] (MSC service thread 1-3) WFLYJCA0018: Started Driver service with driver-name = h2
2021-02-15 14:02:44,474 INFO  [org.wildfly.extension.undertow] (MSC service thread 1-1) WFLYUT0018: Host default-host starting
2021-02-15 14:02:44,769 INFO  [org.wildfly.extension.undertow] (MSC service thread 1-8) WFLYUT0006: Undertow HTTP listener default listening on 127.0.0.1:8080
2021-02-15 14:02:44,822 INFO  [org.jboss.as.ejb3] (MSC service thread 1-2) WFLYEJB0493: EJB subsystem suspension complete
2021-02-15 14:02:44,900 INFO  [org.jboss.as.connector.subsystems.datasources] (MSC service thread 1-1) WFLYJCA0001: Bound data source [java:jboss/datasources/ExampleDS]
2021-02-15 14:02:44,900 INFO  [org.jboss.as.connector.subsystems.datasources] (MSC service thread 1-8) WFLYJCA0001: Bound data source [java:jboss/datasources/KeycloakDS]
2021-02-15 14:02:45,634 INFO  [org.jboss.as.patching] (MSC service thread 1-6) WFLYPAT0050: Keycloak cumulative patch ID is: base, one-off patches include: none
2021-02-15 14:02:45,645 WARN  [org.jboss.as.domain.management.security] (MSC service thread 1-8) WFLYDM0111: Keystore F:\Wofss\Keycloak\wssKeycloak\keycloak-12.0.2\standalone\configuration\application.keystore not found, it will be auto generated on first use with a self signed certificate for host localhost
2021-02-15 14:02:45,650 INFO  [org.jboss.as.server.deployment.scanner] (MSC service thread 1-8) WFLYDS0013: Started FileSystemDeploymentService for directory F:\Wofss\Keycloak\wssKeycloak\keycloak-12.0.2\standalone\deployments
2021-02-15 14:02:45,663 INFO  [org.jboss.as.server.deployment] (MSC service thread 1-3) WFLYSRV0027: Starting deployment of "keycloak-server.war" (runtime-name: "keycloak-server.war")
2021-02-15 14:02:46,129 INFO  [org.wildfly.extension.undertow] (MSC service thread 1-7) WFLYUT0006: Undertow HTTPS listener https listening on 127.0.0.1:8443
2021-02-15 14:02:47,142 INFO  [org.infinispan.CONTAINER] (ServerService Thread Pool -- 57) ISPN000128: Infinispan version: Infinispan 'Corona Extra' 11.0.4.Final
2021-02-15 14:02:47,182 INFO  [org.infinispan.CONFIG] (MSC service thread 1-6) ISPN000152: Passivation configured without an eviction policy being selected. Only manually evicted entities will be passivated.
2021-02-15 14:02:47,185 INFO  [org.infinispan.CONFIG] (MSC service thread 1-6) ISPN000152: Passivation configured without an eviction policy being selected. Only manually evicted entities will be passivated.
2021-02-15 14:02:47,251 INFO  [org.infinispan.PERSISTENCE] (ServerService Thread Pool -- 56) ISPN000556: Starting user marshaller 'org.wildfly.clustering.infinispan.spi.marshalling.InfinispanProtoStreamMarshaller'
2021-02-15 14:02:47,253 INFO  [org.infinispan.PERSISTENCE] (ServerService Thread Pool -- 57) ISPN000556: Starting user marshaller 'org.wildfly.clustering.infinispan.marshalling.jboss.JBossMarshaller'
2021-02-15 14:02:47,462 INFO  [org.jboss.as.clustering.infinispan] (ServerService Thread Pool -- 56) WFLYCLINF0002: Started http-remoting-connector cache from ejb container
2021-02-15 14:02:47,513 INFO  [org.jboss.as.clustering.infinispan] (ServerService Thread Pool -- 67) WFLYCLINF0002: Started clientSessions cache from keycloak container
2021-02-15 14:02:47,513 INFO  [org.jboss.as.clustering.infinispan] (ServerService Thread Pool -- 66) WFLYCLINF0002: Started sessions cache from keycloak container
2021-02-15 14:02:47,515 INFO  [org.jboss.as.clustering.infinispan] (ServerService Thread Pool -- 65) WFLYCLINF0002: Started work cache from keycloak container
2021-02-15 14:02:47,515 INFO  [org.jboss.as.clustering.infinispan] (ServerService Thread Pool -- 56) WFLYCLINF0002: Started authenticationSessions cache from keycloak container
2021-02-15 14:02:47,517 INFO  [org.jboss.as.clustering.infinispan] (ServerService Thread Pool -- 58) WFLYCLINF0002: Started loginFailures cache from keycloak container
2021-02-15 14:02:47,519 INFO  [org.jboss.as.clustering.infinispan] (ServerService Thread Pool -- 59) WFLYCLINF0002: Started offlineSessions cache from keycloak container
2021-02-15 14:02:47,520 INFO  [org.jboss.as.clustering.infinispan] (ServerService Thread Pool -- 62) WFLYCLINF0002: Started offlineClientSessions cache from keycloak container
2021-02-15 14:02:47,522 INFO  [org.jboss.as.clustering.infinispan] (ServerService Thread Pool -- 64) WFLYCLINF0002: Started actionTokens cache from keycloak container
2021-02-15 14:02:47,558 INFO  [org.jboss.as.clustering.infinispan] (ServerService Thread Pool -- 57) WFLYCLINF0002: Started realms cache from keycloak container
2021-02-15 14:02:47,558 INFO  [org.jboss.as.clustering.infinispan] (ServerService Thread Pool -- 63) WFLYCLINF0002: Started authorization cache from keycloak container
2021-02-15 14:02:47,558 INFO  [org.jboss.as.clustering.infinispan] (ServerService Thread Pool -- 60) WFLYCLINF0002: Started keys cache from keycloak container
2021-02-15 14:02:47,558 INFO  [org.jboss.as.clustering.infinispan] (ServerService Thread Pool -- 61) WFLYCLINF0002: Started users cache from keycloak container
2021-02-15 14:02:47,986 WARN  [org.jboss.as.server.deployment] (MSC service thread 1-2) WFLYSRV0273: Excluded subsystem webservices via jboss-deployment-structure.xml does not exist.
2021-02-15 14:02:48,522 INFO  [org.keycloak.services] (ServerService Thread Pool -- 68) KC-SERVICES0001: Loading config from standalone.xml or domain.xml
2021-02-15 14:02:48,772 INFO  [org.keycloak.url.DefaultHostnameProviderFactory] (ServerService Thread Pool -- 68) Frontend: <request>, Admin: <frontend>, Backend: <request>
2021-02-15 14:02:49,211 WARN  [org.infinispan.encoding.impl.StorageConfigurationManager] (ServerService Thread Pool -- 68) ISPN000599: Configuration for cache 'realmRevisions' does not define the encoding for keys or values. If you use operations that require data conversion or queries, you should configure the cache with a specific MediaType for keys or values.
2021-02-15 14:02:49,216 INFO  [org.jboss.as.clustering.infinispan] (ServerService Thread Pool -- 68) WFLYCLINF0002: Started realmRevisions cache from keycloak container
2021-02-15 14:02:49,218 WARN  [org.infinispan.encoding.impl.StorageConfigurationManager] (ServerService Thread Pool -- 68) ISPN000599: Configuration for cache 'userRevisions' does not define the encoding for keys or values. If you use operations that require data conversion or queries, you should configure the cache with a specific MediaType for keys or values.
2021-02-15 14:02:49,221 INFO  [org.jboss.as.clustering.infinispan] (ServerService Thread Pool -- 68) WFLYCLINF0002: Started userRevisions cache from keycloak container
2021-02-15 14:02:49,222 WARN  [org.infinispan.encoding.impl.StorageConfigurationManager] (ServerService Thread Pool -- 68) ISPN000599: Configuration for cache 'authorizationRevisions' does not define the encoding for keys or values. If you use operations that require data conversion or queries, you should configure the cache with a specific MediaType for keys or values.
2021-02-15 14:02:49,225 INFO  [org.jboss.as.clustering.infinispan] (ServerService Thread Pool -- 68) WFLYCLINF0002: Started authorizationRevisions cache from keycloak container
2021-02-15 14:02:49,227 INFO  [org.keycloak.connections.infinispan.DefaultInfinispanConnectionProviderFactory] (ServerService Thread Pool -- 68) Node name: osamahassouna, Site name: null
2021-02-15 14:02:49,747 INFO  [org.keycloak.connections.jpa.DefaultJpaConnectionProviderFactory] (ServerService Thread Pool -- 68) Database info: {databaseUrl=jdbc:h2:F:\Wofss\Keycloak\wssKeycloak\keycloak-12.0.2\standalone\data/keycloak, databaseUser=SA, databaseProduct=H2 1.4.197 (2018-03-18), databaseDriver=H2 JDBC Driver 1.4.197 (2018-03-18)}
2021-02-15 14:02:51,833 INFO  [org.keycloak.connections.jpa.updater.liquibase.LiquibaseJpaUpdaterProvider] (ServerService Thread Pool -- 68) Initializing database schema. Using changelog META-INF/jpa-changelog-master.xml
2021-02-15 14:02:53,196 INFO  [org.hibernate.jpa.internal.util.LogHelper] (ServerService Thread Pool -- 68) HHH000204: Processing PersistenceUnitInfo [
	name: keycloak-default
	...]
2021-02-15 14:02:53,260 INFO  [org.hibernate.Version] (ServerService Thread Pool -- 68) HHH000412: Hibernate Core {5.3.20.Final}
2021-02-15 14:02:53,262 INFO  [org.hibernate.cfg.Environment] (ServerService Thread Pool -- 68) HHH000206: hibernate.properties not found
2021-02-15 14:02:53,390 INFO  [org.hibernate.annotations.common.Version] (ServerService Thread Pool -- 68) HCANN000001: Hibernate Commons Annotations {5.0.5.Final}
2021-02-15 14:02:53,541 INFO  [org.hibernate.dialect.Dialect] (ServerService Thread Pool -- 68) HHH000400: Using dialect: org.hibernate.dialect.H2Dialect
2021-02-15 14:02:53,550 WARN  [org.hibernate.dialect.H2Dialect] (ServerService Thread Pool -- 68) HHH000431: Unable to determine H2 database version, certain features may not work
2021-02-15 14:02:53,586 INFO  [org.hibernate.envers.boot.internal.EnversServiceImpl] (ServerService Thread Pool -- 68) Envers integration enabled? : true
2021-02-15 14:02:54,045 INFO  [org.hibernate.orm.beans] (ServerService Thread Pool -- 68) HHH10005002: No explicit CDI BeanManager reference was passed to Hibernate, but CDI is available on the Hibernate ClassLoader.
2021-02-15 14:02:54,108 INFO  [org.hibernate.validator.internal.util.Version] (ServerService Thread Pool -- 68) HV000001: Hibernate Validator 6.0.21.Final
2021-02-15 14:02:55,144 INFO  [org.hibernate.hql.internal.QueryTranslatorFactoryInitiator] (ServerService Thread Pool -- 68) HHH000397: Using ASTQueryTranslatorFactory
2021-02-15 14:02:55,660 INFO  [org.keycloak.services] (ServerService Thread Pool -- 68) KC-SERVICES0050: Initializing master realm
2021-02-15 14:02:56,524 INFO  [org.jboss.resteasy.resteasy_jaxrs.i18n] (ServerService Thread Pool -- 68) RESTEASY002225: Deploying javax.ws.rs.core.Application: class org.keycloak.services.resources.KeycloakApplication
2021-02-15 14:02:56,527 INFO  [org.jboss.resteasy.resteasy_jaxrs.i18n] (ServerService Thread Pool -- 68) RESTEASY002200: Adding class resource org.keycloak.services.resources.JsResource from Application class org.keycloak.services.resources.KeycloakApplication
2021-02-15 14:02:56,528 INFO  [org.jboss.resteasy.resteasy_jaxrs.i18n] (ServerService Thread Pool -- 68) RESTEASY002205: Adding provider class org.keycloak.services.filters.KeycloakSecurityHeadersFilter from Application class org.keycloak.services.resources.KeycloakApplication
2021-02-15 14:02:56,529 INFO  [org.jboss.resteasy.resteasy_jaxrs.i18n] (ServerService Thread Pool -- 68) RESTEASY002205: Adding provider class org.keycloak.services.error.KeycloakErrorHandler from Application class org.keycloak.services.resources.KeycloakApplication
2021-02-15 14:02:56,530 INFO  [org.jboss.resteasy.resteasy_jaxrs.i18n] (ServerService Thread Pool -- 68) RESTEASY002200: Adding class resource org.keycloak.services.resources.ThemeResource from Application class org.keycloak.services.resources.KeycloakApplication
2021-02-15 14:02:56,531 INFO  [org.jboss.resteasy.resteasy_jaxrs.i18n] (ServerService Thread Pool -- 68) RESTEASY002220: Adding singleton resource org.keycloak.services.resources.admin.AdminRoot from Application class org.keycloak.services.resources.KeycloakApplication
2021-02-15 14:02:56,531 INFO  [org.jboss.resteasy.resteasy_jaxrs.i18n] (ServerService Thread Pool -- 68) RESTEASY002220: Adding singleton resource org.keycloak.services.resources.RobotsResource from Application class org.keycloak.services.resources.KeycloakApplication
2021-02-15 14:02:56,532 INFO  [org.jboss.resteasy.resteasy_jaxrs.i18n] (ServerService Thread Pool -- 68) RESTEASY002210: Adding provider singleton org.keycloak.services.util.ObjectMapperResolver from Application class org.keycloak.services.resources.KeycloakApplication
2021-02-15 14:02:56,532 INFO  [org.jboss.resteasy.resteasy_jaxrs.i18n] (ServerService Thread Pool -- 68) RESTEASY002220: Adding singleton resource org.keycloak.services.resources.WelcomeResource from Application class org.keycloak.services.resources.KeycloakApplication
2021-02-15 14:02:56,533 INFO  [org.jboss.resteasy.resteasy_jaxrs.i18n] (ServerService Thread Pool -- 68) RESTEASY002220: Adding singleton resource org.keycloak.services.resources.RealmsResource from Application class org.keycloak.services.resources.KeycloakApplication
2021-02-15 14:02:56,870 INFO  [org.wildfly.extension.undertow] (ServerService Thread Pool -- 68) WFLYUT0021: Registered web context: '/auth' for server 'default-server'
2021-02-15 15:00:01,813 INFO  [org.jboss.modules] (main) JBoss Modules version 1.10.2.Final
2021-02-15 15:00:03,840 INFO  [org.jboss.msc] (main) JBoss MSC version 1.4.12.Final
2021-02-15 15:00:03,854 INFO  [org.jboss.threads] (main) JBoss Threads version 2.4.0.Final
2021-02-15 15:00:04,007 INFO  [org.jboss.as] (MSC service thread 1-2) WFLYSRV0049: Keycloak 12.0.2 (WildFly Core 13.0.3.Final) starting
2021-02-15 15:00:04,009 DEBUG [org.jboss.as.config] (MSC service thread 1-2) Configured system properties:
	awt.toolkit = sun.awt.windows.WToolkit
	file.encoding = Cp1252
	file.encoding.pkg = sun.io
	file.separator = \
	java.awt.graphicsenv = sun.awt.Win32GraphicsEnvironment
	java.awt.printerjob = sun.awt.windows.WPrinterJob
	java.class.path = F:\Wofss\Keycloak\wssKeycloak\keycloak-12.0.2\jboss-modules.jar
	java.class.version = 52.0
	java.endorsed.dirs = C:\Program Files\Java\jre1.8.0_281\lib\endorsed
	java.ext.dirs = C:\Program Files\Java\jre1.8.0_281\lib\ext;C:\Windows\Sun\Java\lib\ext
	java.home = C:\Program Files\Java\jre1.8.0_281
	java.io.tmpdir = C:\Users\engos\AppData\Local\Temp\
	java.library.path = C:\Program Files (x86)\Common Files\Oracle\Java\javapath;C:\Windows\Sun\Java\bin;C:\Windows\system32;C:\Windows;C:\Program Files (x86)\Common Files\Oracle\Java\javapath;C:\Program Files (x86)\Intel\iCLS Client\;C:\Program Files\Intel\iCLS Client\;C:\windows\system32;C:\windows;C:\windows\System32\Wbem;C:\windows\System32\WindowsPowerShell\v1.0\;C:\Program Files (x86)\Intel\Intel(R) Management Engine Components\DAL;C:\Program Files\Intel\Intel(R) Management Engine Components\DAL;C:\Program Files (x86)\Intel\Intel(R) Management Engine Components\IPT;C:\Program Files\Intel\Intel(R) Management Engine Components\IPT;C:\Program Files (x86)\NVIDIA Corporation\PhysX\Common;C:\Windows\system32;C:\Windows;C:\Windows\System32\Wbem;C:\Windows\System32\WindowsPowerShell\v1.0\;C:\Windows\System32\OpenSSH\;C:\Program Files\nodejs\;C:\Program Files\dotnet\;C:\Program Files\Git\cmd;C:\Program Files\Microsoft SQL Server\130\Tools\Binn\;C:\Program Files\Microsoft SQL Server\Client SDK\ODBC\170\Tools\Binn\;C:\Program Files (x86)\dotnet\;C:\Program Files\NVIDIA Corporation\NVIDIA NvDLISR;C:\Users\engos\AppData\Local\Microsoft\WindowsApps;;C:\Users\engos\AppData\Local\Programs\Microsoft VS Code\bin;C:\Users\engos\AppData\Roaming\npm;C:\Users\engos\.dotnet\tools;.
	java.net.preferIPv4Stack = true
	java.runtime.name = Java(TM) SE Runtime Environment
	java.runtime.version = 1.8.0_281-b09
	java.specification.name = Java Platform API Specification
	java.specification.vendor = Oracle Corporation
	java.specification.version = 1.8
	java.util.logging.manager = org.jboss.logmanager.LogManager
	java.vendor = Oracle Corporation
	java.vendor.url = http://java.oracle.com/
	java.vendor.url.bug = http://bugreport.sun.com/bugreport/
	java.version = 1.8.0_281
	java.vm.info = mixed mode
	java.vm.name = Java HotSpot(TM) 64-Bit Server VM
	java.vm.specification.name = Java Virtual Machine Specification
	java.vm.specification.vendor = Oracle Corporation
	java.vm.specification.version = 1.8
	java.vm.vendor = Oracle Corporation
	java.vm.version = 25.281-b09
	javax.management.builder.initial = org.jboss.as.jmx.PluggableMBeanServerBuilder
	jboss.home.dir = F:\Wofss\Keycloak\wssKeycloak\keycloak-12.0.2
	jboss.host.name = osamahassouna
	jboss.modules.dir = F:\Wofss\Keycloak\wssKeycloak\keycloak-12.0.2\modules
	jboss.modules.system.pkgs = org.jboss.byteman
	jboss.node.name = osamahassouna
	jboss.qualified.host.name = osamahassouna
	jboss.server.base.dir = F:\Wofss\Keycloak\wssKeycloak\keycloak-12.0.2\standalone
	jboss.server.config.dir = F:\Wofss\Keycloak\wssKeycloak\keycloak-12.0.2\standalone\configuration
	jboss.server.data.dir = F:\Wofss\Keycloak\wssKeycloak\keycloak-12.0.2\standalone\data
	jboss.server.deploy.dir = F:\Wofss\Keycloak\wssKeycloak\keycloak-12.0.2\standalone\data\content
	jboss.server.log.dir = F:\Wofss\Keycloak\wssKeycloak\keycloak-12.0.2\standalone\log
	jboss.server.name = osamahassouna
	jboss.server.persist.config = true
	jboss.server.temp.dir = F:\Wofss\Keycloak\wssKeycloak\keycloak-12.0.2\standalone\tmp
	line.separator = 

	logging.configuration = file:F:\Wofss\Keycloak\wssKeycloak\keycloak-12.0.2\standalone\configuration/logging.properties
	module.path = F:\Wofss\Keycloak\wssKeycloak\keycloak-12.0.2\modules
	org.jboss.boot.log.file = F:\Wofss\Keycloak\wssKeycloak\keycloak-12.0.2\standalone\log\server.log
	org.jboss.resolver.warning = true
	os.arch = amd64
	os.name = Windows 10
	os.version = 10.0
	path.separator = ;
	program.name = standalone.bat
	sun.arch.data.model = 64
	sun.boot.class.path = C:\Program Files\Java\jre1.8.0_281\lib\resources.jar;C:\Program Files\Java\jre1.8.0_281\lib\rt.jar;C:\Program Files\Java\jre1.8.0_281\lib\sunrsasign.jar;C:\Program Files\Java\jre1.8.0_281\lib\jsse.jar;C:\Program Files\Java\jre1.8.0_281\lib\jce.jar;C:\Program Files\Java\jre1.8.0_281\lib\charsets.jar;C:\Program Files\Java\jre1.8.0_281\lib\jfr.jar;C:\Program Files\Java\jre1.8.0_281\classes
	sun.boot.library.path = C:\Program Files\Java\jre1.8.0_281\bin
	sun.cpu.endian = little
	sun.cpu.isalist = amd64
	sun.desktop = windows
	sun.io.unicode.encoding = UnicodeLittle
	sun.java.command = F:\Wofss\Keycloak\wssKeycloak\keycloak-12.0.2\jboss-modules.jar -mp F:\Wofss\Keycloak\wssKeycloak\keycloak-12.0.2\modules org.jboss.as.standalone -Djboss.home.dir=F:\Wofss\Keycloak\wssKeycloak\keycloak-12.0.2
	sun.java.launcher = SUN_STANDARD
	sun.jnu.encoding = Cp1252
	sun.management.compiler = HotSpot 64-Bit Tiered Compilers
	sun.os.patch.level = 
	sun.stderr.encoding = cp850
	sun.stdout.encoding = cp850
	user.country = GB
	user.dir = F:\Wofss\Keycloak\wssKeycloak\keycloak-12.0.2\bin
	user.home = C:\Users\engos
	user.language = en
	user.name = OsamaHassouna
	user.script = 
	user.timezone = Africa/Cairo
	user.variant = 
2021-02-15 15:00:04,010 DEBUG [org.jboss.as.config] (MSC service thread 1-2) VM Arguments: -Dprogram.name=standalone.bat -Xms64M -Xmx512M -XX:MetaspaceSize=96M -XX:MaxMetaspaceSize=256m -Djava.net.preferIPv4Stack=true -Djboss.modules.system.pkgs=org.jboss.byteman -Dorg.jboss.boot.log.file=F:\Wofss\Keycloak\wssKeycloak\keycloak-12.0.2\standalone\log\server.log -Dlogging.configuration=file:F:\Wofss\Keycloak\wssKeycloak\keycloak-12.0.2\standalone\configuration/logging.properties 
2021-02-15 15:00:06,513 INFO  [org.wildfly.security] (ServerService Thread Pool -- 20) ELY00001: WildFly Elytron version 1.13.1.Final
2021-02-15 15:00:09,347 INFO  [org.jboss.as.controller.management-deprecated] (Controller Boot Thread) WFLYCTL0028: Attribute 'security-realm' in the resource at address '/core-service=management/management-interface=http-interface' is deprecated, and may be removed in a future version. See the attribute description in the output of the read-resource-description operation to learn more about the deprecation.
2021-02-15 15:00:09,365 INFO  [org.jboss.as.controller.management-deprecated] (ServerService Thread Pool -- 20) WFLYCTL0028: Attribute 'security-realm' in the resource at address '/subsystem=undertow/server=default-server/https-listener=https' is deprecated, and may be removed in a future version. See the attribute description in the output of the read-resource-description operation to learn more about the deprecation.
2021-02-15 15:00:09,498 INFO  [org.jboss.as.server] (Controller Boot Thread) WFLYSRV0039: Creating http management service using socket-binding (management-http)
2021-02-15 15:00:09,523 INFO  [org.xnio] (MSC service thread 1-1) XNIO version 3.8.2.Final
2021-02-15 15:00:09,541 INFO  [org.xnio.nio] (MSC service thread 1-1) XNIO NIO Implementation Version 3.8.2.Final
2021-02-15 15:00:09,588 INFO  [org.jboss.as.security] (ServerService Thread Pool -- 48) WFLYSEC0002: Activating Security Subsystem
2021-02-15 15:00:09,589 INFO  [org.wildfly.extension.microprofile.config.smallrye._private] (ServerService Thread Pool -- 51) WFLYCONF0001: Activating WildFly MicroProfile Config Subsystem
2021-02-15 15:00:09,613 INFO  [org.jboss.as.clustering.infinispan] (ServerService Thread Pool -- 37) WFLYCLINF0001: Activating Infinispan subsystem.
2021-02-15 15:00:09,584 WARN  [org.jboss.as.txn] (ServerService Thread Pool -- 49) WFLYTX0013: The node-identifier attribute on the /subsystem=transactions is set to the default value. This is a danger for environments running multiple servers. Please make sure the attribute value is unique.
2021-02-15 15:00:09,636 INFO  [org.jboss.as.security] (MSC service thread 1-4) WFLYSEC0001: Current PicketBox version=5.0.3.Final-redhat-00006
2021-02-15 15:00:09,654 INFO  [org.jboss.as.naming] (ServerService Thread Pool -- 43) WFLYNAM0001: Activating Naming Subsystem
2021-02-15 15:00:09,671 INFO  [org.wildfly.extension.microprofile.metrics.smallrye] (ServerService Thread Pool -- 53) WFLYMETRICS0001: Activating Eclipse MicroProfile Metrics Subsystem
2021-02-15 15:00:09,681 INFO  [org.wildfly.extension.undertow] (MSC service thread 1-6) WFLYUT0003: Undertow 2.2.2.Final starting
2021-02-15 15:00:09,698 INFO  [org.wildfly.extension.microprofile.health.smallrye] (ServerService Thread Pool -- 52) WFLYHEALTH0001: Activating Eclipse MicroProfile Health Subsystem
2021-02-15 15:00:09,777 INFO  [org.jboss.as.connector] (MSC service thread 1-8) WFLYJCA0009: Starting JCA Subsystem (WildFly/IronJacamar 1.4.23.Final)
2021-02-15 15:00:09,788 WARN  [org.wildfly.clustering.web.undertow] (ServerService Thread Pool -- 54) WFLYCLWEBUT0007: No routing provider found for default-server; using legacy provider based on static configuration
2021-02-15 15:00:09,914 INFO  [org.jboss.as.connector.subsystems.datasources] (ServerService Thread Pool -- 32) WFLYJCA0004: Deploying JDBC-compliant driver class org.h2.Driver (version 1.4)
2021-02-15 15:00:09,983 INFO  [org.jboss.as.jaxrs] (ServerService Thread Pool -- 38) WFLYRS0016: RESTEasy version 3.13.2.Final
2021-02-15 15:00:10,066 INFO  [org.jboss.as.connector.deployers.jdbc] (MSC service thread 1-2) WFLYJCA0018: Started Driver service with driver-name = h2
2021-02-15 15:00:10,102 INFO  [org.wildfly.extension.undertow] (ServerService Thread Pool -- 54) WFLYUT0014: Creating file handler for path 'F:\Wofss\Keycloak\wssKeycloak\keycloak-12.0.2/welcome-content' with options [directory-listing: 'false', follow-symlink: 'false', case-sensitive: 'true', safe-symlink-paths: '[]']
2021-02-15 15:00:10,385 INFO  [org.jboss.as.naming] (MSC service thread 1-8) WFLYNAM0003: Starting Naming Service
2021-02-15 15:00:10,415 INFO  [org.jboss.as.mail.extension] (MSC service thread 1-4) WFLYMAIL0001: Bound mail session [java:jboss/mail/Default]
2021-02-15 15:00:10,737 INFO  [org.wildfly.extension.io] (ServerService Thread Pool -- 36) WFLYIO001: Worker 'default' has auto-configured to 8 IO threads with 64 max task threads based on your 4 available processors
2021-02-15 15:00:10,752 INFO  [org.jboss.as.ejb3] (MSC service thread 1-4) WFLYEJB0482: Strict pool mdb-strict-max-pool is using a max instance size of 16 (per class), which is derived from the number of CPUs on this host.
2021-02-15 15:00:10,751 INFO  [org.jboss.as.ejb3] (MSC service thread 1-3) WFLYEJB0481: Strict pool slsb-strict-max-pool is using a max instance size of 64 (per class), which is derived from thread worker pool sizing.
2021-02-15 15:00:10,780 INFO  [org.wildfly.extension.undertow] (MSC service thread 1-2) WFLYUT0012: Started server default-server.
2021-02-15 15:00:10,784 INFO  [org.jboss.remoting] (MSC service thread 1-7) JBoss Remoting version 5.0.19.Final
2021-02-15 15:00:10,794 INFO  [org.wildfly.extension.undertow] (MSC service thread 1-6) WFLYUT0018: Host default-host starting
2021-02-15 15:00:10,872 INFO  [org.wildfly.extension.undertow] (MSC service thread 1-2) WFLYUT0006: Undertow HTTP listener default listening on 127.0.0.1:8080
2021-02-15 15:00:10,890 INFO  [org.jboss.as.ejb3] (MSC service thread 1-8) WFLYEJB0493: EJB subsystem suspension complete
2021-02-15 15:00:10,970 INFO  [org.jboss.as.connector.subsystems.datasources] (MSC service thread 1-8) WFLYJCA0001: Bound data source [java:jboss/datasources/ExampleDS]
2021-02-15 15:00:10,970 INFO  [org.jboss.as.connector.subsystems.datasources] (MSC service thread 1-3) WFLYJCA0001: Bound data source [java:jboss/datasources/KeycloakDS]
2021-02-15 15:00:11,787 INFO  [org.jboss.as.patching] (MSC service thread 1-8) WFLYPAT0050: Keycloak cumulative patch ID is: base, one-off patches include: none
2021-02-15 15:00:11,800 WARN  [org.jboss.as.domain.management.security] (MSC service thread 1-1) WFLYDM0111: Keystore F:\Wofss\Keycloak\wssKeycloak\keycloak-12.0.2\standalone\configuration\application.keystore not found, it will be auto generated on first use with a self signed certificate for host localhost
2021-02-15 15:00:11,805 INFO  [org.jboss.as.server.deployment.scanner] (MSC service thread 1-6) WFLYDS0013: Started FileSystemDeploymentService for directory F:\Wofss\Keycloak\wssKeycloak\keycloak-12.0.2\standalone\deployments
2021-02-15 15:00:11,820 INFO  [org.jboss.as.server.deployment] (MSC service thread 1-4) WFLYSRV0027: Starting deployment of "keycloak-server.war" (runtime-name: "keycloak-server.war")
2021-02-15 15:00:12,303 INFO  [org.wildfly.extension.undertow] (MSC service thread 1-2) WFLYUT0006: Undertow HTTPS listener https listening on 127.0.0.1:8443
2021-02-15 15:00:13,253 INFO  [org.infinispan.CONTAINER] (ServerService Thread Pool -- 56) ISPN000128: Infinispan version: Infinispan 'Corona Extra' 11.0.4.Final
2021-02-15 15:00:13,344 INFO  [org.infinispan.CONFIG] (MSC service thread 1-8) ISPN000152: Passivation configured without an eviction policy being selected. Only manually evicted entities will be passivated.
2021-02-15 15:00:13,348 INFO  [org.infinispan.CONFIG] (MSC service thread 1-8) ISPN000152: Passivation configured without an eviction policy being selected. Only manually evicted entities will be passivated.
2021-02-15 15:00:13,448 INFO  [org.infinispan.PERSISTENCE] (ServerService Thread Pool -- 56) ISPN000556: Starting user marshaller 'org.wildfly.clustering.infinispan.spi.marshalling.InfinispanProtoStreamMarshaller'
2021-02-15 15:00:13,448 INFO  [org.infinispan.PERSISTENCE] (ServerService Thread Pool -- 57) ISPN000556: Starting user marshaller 'org.wildfly.clustering.infinispan.marshalling.jboss.JBossMarshaller'
2021-02-15 15:00:13,657 INFO  [org.jboss.as.clustering.infinispan] (ServerService Thread Pool -- 56) WFLYCLINF0002: Started http-remoting-connector cache from ejb container
2021-02-15 15:00:13,680 INFO  [org.jboss.as.clustering.infinispan] (ServerService Thread Pool -- 59) WFLYCLINF0002: Started authenticationSessions cache from keycloak container
2021-02-15 15:00:13,682 INFO  [org.jboss.as.clustering.infinispan] (ServerService Thread Pool -- 66) WFLYCLINF0002: Started loginFailures cache from keycloak container
2021-02-15 15:00:13,682 INFO  [org.jboss.as.clustering.infinispan] (ServerService Thread Pool -- 67) WFLYCLINF0002: Started actionTokens cache from keycloak container
2021-02-15 15:00:13,682 INFO  [org.jboss.as.clustering.infinispan] (ServerService Thread Pool -- 63) WFLYCLINF0002: Started offlineSessions cache from keycloak container
2021-02-15 15:00:13,683 INFO  [org.jboss.as.clustering.infinispan] (ServerService Thread Pool -- 65) WFLYCLINF0002: Started clientSessions cache from keycloak container
2021-02-15 15:00:13,682 INFO  [org.jboss.as.clustering.infinispan] (ServerService Thread Pool -- 64) WFLYCLINF0002: Started offlineClientSessions cache from keycloak container
2021-02-15 15:00:13,683 INFO  [org.jboss.as.clustering.infinispan] (ServerService Thread Pool -- 61) WFLYCLINF0002: Started sessions cache from keycloak container
2021-02-15 15:00:13,684 INFO  [org.jboss.as.clustering.infinispan] (ServerService Thread Pool -- 60) WFLYCLINF0002: Started work cache from keycloak container
2021-02-15 15:00:13,720 INFO  [org.jboss.as.clustering.infinispan] (ServerService Thread Pool -- 68) WFLYCLINF0002: Started realms cache from keycloak container
2021-02-15 15:00:13,721 INFO  [org.jboss.as.clustering.infinispan] (ServerService Thread Pool -- 58) WFLYCLINF0002: Started users cache from keycloak container
2021-02-15 15:00:13,722 INFO  [org.jboss.as.clustering.infinispan] (ServerService Thread Pool -- 56) WFLYCLINF0002: Started keys cache from keycloak container
2021-02-15 15:00:13,722 INFO  [org.jboss.as.clustering.infinispan] (ServerService Thread Pool -- 62) WFLYCLINF0002: Started authorization cache from keycloak container
2021-02-15 15:00:14,170 WARN  [org.jboss.as.server.deployment] (MSC service thread 1-4) WFLYSRV0273: Excluded subsystem webservices via jboss-deployment-structure.xml does not exist.
2021-02-15 15:00:15,073 INFO  [org.keycloak.services] (ServerService Thread Pool -- 62) KC-SERVICES0001: Loading config from standalone.xml or domain.xml
2021-02-15 15:00:15,497 INFO  [org.keycloak.url.DefaultHostnameProviderFactory] (ServerService Thread Pool -- 62) Frontend: <request>, Admin: <frontend>, Backend: <request>
2021-02-15 15:00:15,589 WARN  [org.infinispan.encoding.impl.StorageConfigurationManager] (ServerService Thread Pool -- 62) ISPN000599: Configuration for cache 'realmRevisions' does not define the encoding for keys or values. If you use operations that require data conversion or queries, you should configure the cache with a specific MediaType for keys or values.
2021-02-15 15:00:15,598 INFO  [org.jboss.as.clustering.infinispan] (ServerService Thread Pool -- 62) WFLYCLINF0002: Started realmRevisions cache from keycloak container
2021-02-15 15:00:15,600 WARN  [org.infinispan.encoding.impl.StorageConfigurationManager] (ServerService Thread Pool -- 62) ISPN000599: Configuration for cache 'userRevisions' does not define the encoding for keys or values. If you use operations that require data conversion or queries, you should configure the cache with a specific MediaType for keys or values.
2021-02-15 15:00:15,603 INFO  [org.jboss.as.clustering.infinispan] (ServerService Thread Pool -- 62) WFLYCLINF0002: Started userRevisions cache from keycloak container
2021-02-15 15:00:15,606 WARN  [org.infinispan.encoding.impl.StorageConfigurationManager] (ServerService Thread Pool -- 62) ISPN000599: Configuration for cache 'authorizationRevisions' does not define the encoding for keys or values. If you use operations that require data conversion or queries, you should configure the cache with a specific MediaType for keys or values.
2021-02-15 15:00:15,609 INFO  [org.jboss.as.clustering.infinispan] (ServerService Thread Pool -- 62) WFLYCLINF0002: Started authorizationRevisions cache from keycloak container
2021-02-15 15:00:15,611 INFO  [org.keycloak.connections.infinispan.DefaultInfinispanConnectionProviderFactory] (ServerService Thread Pool -- 62) Node name: osamahassouna, Site name: null
2021-02-15 15:00:20,457 INFO  [org.keycloak.connections.jpa.DefaultJpaConnectionProviderFactory] (ServerService Thread Pool -- 62) Database info: {databaseUrl=jdbc:h2:F:\Wofss\Keycloak\wssKeycloak\keycloak-12.0.2\standalone\data/keycloak, databaseUser=SA, databaseProduct=H2 1.4.197 (2018-03-18), databaseDriver=H2 JDBC Driver 1.4.197 (2018-03-18)}
2021-02-15 15:00:22,382 INFO  [org.hibernate.jpa.internal.util.LogHelper] (ServerService Thread Pool -- 62) HHH000204: Processing PersistenceUnitInfo [
	name: keycloak-default
	...]
2021-02-15 15:00:22,438 INFO  [org.hibernate.Version] (ServerService Thread Pool -- 62) HHH000412: Hibernate Core {5.3.20.Final}
2021-02-15 15:00:22,440 INFO  [org.hibernate.cfg.Environment] (ServerService Thread Pool -- 62) HHH000206: hibernate.properties not found
2021-02-15 15:00:22,595 INFO  [org.hibernate.annotations.common.Version] (ServerService Thread Pool -- 62) HCANN000001: Hibernate Commons Annotations {5.0.5.Final}
2021-02-15 15:00:22,758 INFO  [org.hibernate.dialect.Dialect] (ServerService Thread Pool -- 62) HHH000400: Using dialect: org.hibernate.dialect.H2Dialect
2021-02-15 15:00:22,764 WARN  [org.hibernate.dialect.H2Dialect] (ServerService Thread Pool -- 62) HHH000431: Unable to determine H2 database version, certain features may not work
2021-02-15 15:00:22,799 INFO  [org.hibernate.envers.boot.internal.EnversServiceImpl] (ServerService Thread Pool -- 62) Envers integration enabled? : true
2021-02-15 15:00:23,461 INFO  [org.hibernate.orm.beans] (ServerService Thread Pool -- 62) HHH10005002: No explicit CDI BeanManager reference was passed to Hibernate, but CDI is available on the Hibernate ClassLoader.
2021-02-15 15:00:23,524 INFO  [org.hibernate.validator.internal.util.Version] (ServerService Thread Pool -- 62) HV000001: Hibernate Validator 6.0.21.Final
2021-02-15 15:00:24,608 INFO  [org.hibernate.hql.internal.QueryTranslatorFactoryInitiator] (ServerService Thread Pool -- 62) HHH000397: Using ASTQueryTranslatorFactory
2021-02-15 15:00:25,409 INFO  [org.jboss.resteasy.resteasy_jaxrs.i18n] (ServerService Thread Pool -- 62) RESTEASY002225: Deploying javax.ws.rs.core.Application: class org.keycloak.services.resources.KeycloakApplication
2021-02-15 15:00:25,411 INFO  [org.jboss.resteasy.resteasy_jaxrs.i18n] (ServerService Thread Pool -- 62) RESTEASY002200: Adding class resource org.keycloak.services.resources.ThemeResource from Application class org.keycloak.services.resources.KeycloakApplication
2021-02-15 15:00:25,412 INFO  [org.jboss.resteasy.resteasy_jaxrs.i18n] (ServerService Thread Pool -- 62) RESTEASY002200: Adding class resource org.keycloak.services.resources.JsResource from Application class org.keycloak.services.resources.KeycloakApplication
2021-02-15 15:00:25,413 INFO  [org.jboss.resteasy.resteasy_jaxrs.i18n] (ServerService Thread Pool -- 62) RESTEASY002205: Adding provider class org.keycloak.services.error.KeycloakErrorHandler from Application class org.keycloak.services.resources.KeycloakApplication
2021-02-15 15:00:25,415 INFO  [org.jboss.resteasy.resteasy_jaxrs.i18n] (ServerService Thread Pool -- 62) RESTEASY002205: Adding provider class org.keycloak.services.filters.KeycloakSecurityHeadersFilter from Application class org.keycloak.services.resources.KeycloakApplication
2021-02-15 15:00:25,416 INFO  [org.jboss.resteasy.resteasy_jaxrs.i18n] (ServerService Thread Pool -- 62) RESTEASY002220: Adding singleton resource org.keycloak.services.resources.admin.AdminRoot from Application class org.keycloak.services.resources.KeycloakApplication
2021-02-15 15:00:25,416 INFO  [org.jboss.resteasy.resteasy_jaxrs.i18n] (ServerService Thread Pool -- 62) RESTEASY002210: Adding provider singleton org.keycloak.services.util.ObjectMapperResolver from Application class org.keycloak.services.resources.KeycloakApplication
2021-02-15 15:00:25,417 INFO  [org.jboss.resteasy.resteasy_jaxrs.i18n] (ServerService Thread Pool -- 62) RESTEASY002220: Adding singleton resource org.keycloak.services.resources.RobotsResource from Application class org.keycloak.services.resources.KeycloakApplication
2021-02-15 15:00:25,417 INFO  [org.jboss.resteasy.resteasy_jaxrs.i18n] (ServerService Thread Pool -- 62) RESTEASY002220: Adding singleton resource org.keycloak.services.resources.WelcomeResource from Application class org.keycloak.services.resources.KeycloakApplication
2021-02-15 15:00:25,417 INFO  [org.jboss.resteasy.resteasy_jaxrs.i18n] (ServerService Thread Pool -- 62) RESTEASY002220: Adding singleton resource org.keycloak.services.resources.RealmsResource from Application class org.keycloak.services.resources.KeycloakApplication
2021-02-15 15:00:25,735 INFO  [org.wildfly.extension.undertow] (ServerService Thread Pool -- 62) WFLYUT0021: Registered web context: '/auth' for server 'default-server'
2021-02-15 15:00:25,822 INFO  [org.jboss.as.server] (ServerService Thread Pool -- 55) WFLYSRV0010: Deployed "keycloak-server.war" (runtime-name : "keycloak-server.war")
2021-02-15 15:00:25,880 INFO  [org.jboss.as.server] (Controller Boot Thread) WFLYSRV0212: Resuming server
2021-02-15 15:00:25,883 INFO  [org.jboss.as] (Controller Boot Thread) WFLYSRV0025: Keycloak 12.0.2 (WildFly Core 13.0.3.Final) started in 28322ms - Started 589 of 867 services (585 services are lazy, passive or on-demand)
2021-02-15 15:00:25,887 INFO  [org.jboss.as] (Controller Boot Thread) WFLYSRV0060: Http management interface listening on http://127.0.0.1:9990/management
2021-02-15 15:00:25,889 INFO  [org.jboss.as] (Controller Boot Thread) WFLYSRV0051: Admin console listening on http://127.0.0.1:9990
2021-02-15 15:03:40,315 ERROR [org.keycloak.services.error.KeycloakErrorHandler] (default task-1) Uncaught server error: org.keycloak.theme.FreeMarkerException: Failed to process template index.ftl
	at org.keycloak.theme.FreeMarkerUtil.processTemplate(FreeMarkerUtil.java:71)
	at org.keycloak.services.resources.account.AccountConsole.getMainPage(AccountConsole.java:142)
	at sun.reflect.NativeMethodAccessorImpl.invoke0(Native Method)
	at sun.reflect.NativeMethodAccessorImpl.invoke(Unknown Source)
	at sun.reflect.DelegatingMethodAccessorImpl.invoke(Unknown Source)
	at java.lang.reflect.Method.invoke(Unknown Source)
	at org.jboss.resteasy.core.MethodInjectorImpl.invoke(MethodInjectorImpl.java:138)
	at org.jboss.resteasy.core.ResourceMethodInvoker.internalInvokeOnTarget(ResourceMethodInvoker.java:543)
	at org.jboss.resteasy.core.ResourceMethodInvoker.invokeOnTargetAfterFilter(ResourceMethodInvoker.java:432)
	at org.jboss.resteasy.core.ResourceMethodInvoker.lambda$invokeOnTarget$0(ResourceMethodInvoker.java:393)
	at org.jboss.resteasy.core.interception.PreMatchContainerRequestContext.filter(PreMatchContainerRequestContext.java:358)
	at org.jboss.resteasy.core.ResourceMethodInvoker.invokeOnTarget(ResourceMethodInvoker.java:395)
	at org.jboss.resteasy.core.ResourceMethodInvoker.invoke(ResourceMethodInvoker.java:364)
	at org.jboss.resteasy.core.ResourceLocatorInvoker.invokeOnTargetObject(ResourceLocatorInvoker.java:150)
	at org.jboss.resteasy.core.ResourceLocatorInvoker.invoke(ResourceLocatorInvoker.java:110)
	at org.jboss.resteasy.core.ResourceLocatorInvoker.invokeOnTargetObject(ResourceLocatorInvoker.java:141)
	at org.jboss.resteasy.core.ResourceLocatorInvoker.invoke(ResourceLocatorInvoker.java:104)
	at org.jboss.resteasy.core.SynchronousDispatcher.invoke(SynchronousDispatcher.java:440)
	at org.jboss.resteasy.core.SynchronousDispatcher.lambda$invoke$4(SynchronousDispatcher.java:229)
	at org.jboss.resteasy.core.SynchronousDispatcher.lambda$preprocess$0(SynchronousDispatcher.java:135)
	at org.jboss.resteasy.core.interception.PreMatchContainerRequestContext.filter(PreMatchContainerRequestContext.java:358)
	at org.jboss.resteasy.core.SynchronousDispatcher.preprocess(SynchronousDispatcher.java:138)
	at org.jboss.resteasy.core.SynchronousDispatcher.invoke(SynchronousDispatcher.java:215)
	at org.jboss.resteasy.plugins.server.servlet.ServletContainerDispatcher.service(ServletContainerDispatcher.java:245)
	at org.jboss.resteasy.plugins.server.servlet.HttpServletDispatcher.service(HttpServletDispatcher.java:61)
	at org.jboss.resteasy.plugins.server.servlet.HttpServletDispatcher.service(HttpServletDispatcher.java:56)
	at javax.servlet.http.HttpServlet.service(HttpServlet.java:590)
	at io.undertow.servlet.handlers.ServletHandler.handleRequest(ServletHandler.java:74)
	at io.undertow.servlet.handlers.FilterHandler$FilterChainImpl.doFilter(FilterHandler.java:129)
	at org.keycloak.provider.wildfly.WildFlyRequestFilter.lambda$doFilter$0(WildFlyRequestFilter.java:41)
	at org.keycloak.services.filters.AbstractRequestFilter.filter(AbstractRequestFilter.java:43)
	at org.keycloak.provider.wildfly.WildFlyRequestFilter.doFilter(WildFlyRequestFilter.java:39)
	at io.undertow.servlet.core.ManagedFilter.doFilter(ManagedFilter.java:61)
	at io.undertow.servlet.handlers.FilterHandler$FilterChainImpl.doFilter(FilterHandler.java:131)
	at io.undertow.servlet.handlers.FilterHandler.handleRequest(FilterHandler.java:84)
	at io.undertow.servlet.handlers.security.ServletSecurityRoleHandler.handleRequest(ServletSecurityRoleHandler.java:62)
	at io.undertow.servlet.handlers.ServletChain$1.handleRequest(ServletChain.java:68)
	at io.undertow.servlet.handlers.ServletDispatchingHandler.handleRequest(ServletDispatchingHandler.java:36)
	at org.wildfly.extension.undertow.security.SecurityContextAssociationHandler.handleRequest(SecurityContextAssociationHandler.java:78)
	at io.undertow.server.handlers.PredicateHandler.handleRequest(PredicateHandler.java:43)
	at io.undertow.servlet.handlers.RedirectDirHandler.handleRequest(RedirectDirHandler.java:68)
	at io.undertow.servlet.handlers.security.SSLInformationAssociationHandler.handleRequest(SSLInformationAssociationHandler.java:132)
	at io.undertow.servlet.handlers.security.ServletAuthenticationCallHandler.handleRequest(ServletAuthenticationCallHandler.java:57)
	at io.undertow.server.handlers.PredicateHandler.handleRequest(PredicateHandler.java:43)
	at io.undertow.security.handlers.AbstractConfidentialityHandler.handleRequest(AbstractConfidentialityHandler.java:46)
	at io.undertow.servlet.handlers.security.ServletConfidentialityConstraintHandler.handleRequest(ServletConfidentialityConstraintHandler.java:64)
	at io.undertow.security.handlers.AuthenticationMechanismsHandler.handleRequest(AuthenticationMechanismsHandler.java:60)
	at io.undertow.servlet.handlers.security.CachedAuthenticatedSessionHandler.handleRequest(CachedAuthenticatedSessionHandler.java:77)
	at io.undertow.security.handlers.NotificationReceiverHandler.handleRequest(NotificationReceiverHandler.java:50)
	at io.undertow.security.handlers.AbstractSecurityContextAssociationHandler.handleRequest(AbstractSecurityContextAssociationHandler.java:43)
	at io.undertow.server.handlers.PredicateHandler.handleRequest(PredicateHandler.java:43)
	at org.wildfly.extension.undertow.security.jacc.JACCContextIdHandler.handleRequest(JACCContextIdHandler.java:61)
	at io.undertow.server.handlers.PredicateHandler.handleRequest(PredicateHandler.java:43)
	at org.wildfly.extension.undertow.deployment.GlobalRequestControllerHandler.handleRequest(GlobalRequestControllerHandler.java:68)
	at io.undertow.servlet.handlers.SendErrorPageHandler.handleRequest(SendErrorPageHandler.java:52)
	at io.undertow.server.handlers.PredicateHandler.handleRequest(PredicateHandler.java:43)
	at io.undertow.servlet.handlers.ServletInitialHandler.handleFirstRequest(ServletInitialHandler.java:269)
	at io.undertow.servlet.handlers.ServletInitialHandler.access$100(ServletInitialHandler.java:78)
	at io.undertow.servlet.handlers.ServletInitialHandler$2.call(ServletInitialHandler.java:133)
	at io.undertow.servlet.handlers.ServletInitialHandler$2.call(ServletInitialHandler.java:130)
	at io.undertow.servlet.core.ServletRequestContextThreadSetupAction$1.call(ServletRequestContextThreadSetupAction.java:48)
	at io.undertow.servlet.core.ContextClassLoaderSetupAction$1.call(ContextClassLoaderSetupAction.java:43)
	at org.wildfly.extension.undertow.security.SecurityContextThreadSetupAction.lambda$create$0(SecurityContextThreadSetupAction.java:105)
	at org.wildfly.extension.undertow.deployment.UndertowDeploymentInfoService$UndertowThreadSetupAction.lambda$create$0(UndertowDeploymentInfoService.java:1530)
	at org.wildfly.extension.undertow.deployment.UndertowDeploymentInfoService$UndertowThreadSetupAction.lambda$create$0(UndertowDeploymentInfoService.java:1530)
	at org.wildfly.extension.undertow.deployment.UndertowDeploymentInfoService$UndertowThreadSetupAction.lambda$create$0(UndertowDeploymentInfoService.java:1530)
	at org.wildfly.extension.undertow.deployment.UndertowDeploymentInfoService$UndertowThreadSetupAction.lambda$create$0(UndertowDeploymentInfoService.java:1530)
	at io.undertow.servlet.handlers.ServletInitialHandler.dispatchRequest(ServletInitialHandler.java:249)
	at io.undertow.servlet.handlers.ServletInitialHandler.access$000(ServletInitialHandler.java:78)
	at io.undertow.servlet.handlers.ServletInitialHandler$1.handleRequest(ServletInitialHandler.java:99)
	at io.undertow.server.Connectors.executeRootHandler(Connectors.java:387)
	at io.undertow.server.HttpServerExchange$1.run(HttpServerExchange.java:841)
	at org.jboss.threads.ContextClassLoaderSavingRunnable.run(ContextClassLoaderSavingRunnable.java:35)
	at org.jboss.threads.EnhancedQueueExecutor.safeRun(EnhancedQueueExecutor.java:1990)
	at org.jboss.threads.EnhancedQueueExecutor$ThreadBody.doRunTask(EnhancedQueueExecutor.java:1486)
	at org.jboss.threads.EnhancedQueueExecutor$ThreadBody.run(EnhancedQueueExecutor.java:1377)
	at org.xnio.XnioWorker$WorkerThreadFactory$1$1.run(XnioWorker.java:1280)
	at java.lang.Thread.run(Unknown Source)
Caused by: freemarker.template.TemplateNotFoundException: Template not found for name "index.ftl".
The name was interpreted by this TemplateLoader: org.keycloak.theme.FreeMarkerUtil$ThemeTemplateLoader@7b4c2cec.
	at freemarker.template.Configuration.getTemplate(Configuration.java:2845)
	at freemarker.template.Configuration.getTemplate(Configuration.java:2665)
	at org.keycloak.theme.FreeMarkerUtil.getTemplate(FreeMarkerUtil.java:85)
	at org.keycloak.theme.FreeMarkerUtil.processTemplate(FreeMarkerUtil.java:58)
	... 77 more

2021-02-15 15:03:44,162 ERROR [org.keycloak.services.error.KeycloakErrorHandler] (default task-1) Uncaught server error: org.keycloak.theme.FreeMarkerException: Failed to process template index.ftl
	at org.keycloak.theme.FreeMarkerUtil.processTemplate(FreeMarkerUtil.java:71)
	at org.keycloak.services.resources.account.AccountConsole.getMainPage(AccountConsole.java:142)
	at sun.reflect.NativeMethodAccessorImpl.invoke0(Native Method)
	at sun.reflect.NativeMethodAccessorImpl.invoke(Unknown Source)
	at sun.reflect.DelegatingMethodAccessorImpl.invoke(Unknown Source)
	at java.lang.reflect.Method.invoke(Unknown Source)
	at org.jboss.resteasy.core.MethodInjectorImpl.invoke(MethodInjectorImpl.java:138)
	at org.jboss.resteasy.core.ResourceMethodInvoker.internalInvokeOnTarget(ResourceMethodInvoker.java:543)
	at org.jboss.resteasy.core.ResourceMethodInvoker.invokeOnTargetAfterFilter(ResourceMethodInvoker.java:432)
	at org.jboss.resteasy.core.ResourceMethodInvoker.lambda$invokeOnTarget$0(ResourceMethodInvoker.java:393)
	at org.jboss.resteasy.core.interception.PreMatchContainerRequestContext.filter(PreMatchContainerRequestContext.java:358)
	at org.jboss.resteasy.core.ResourceMethodInvoker.invokeOnTarget(ResourceMethodInvoker.java:395)
	at org.jboss.resteasy.core.ResourceMethodInvoker.invoke(ResourceMethodInvoker.java:364)
	at org.jboss.resteasy.core.ResourceLocatorInvoker.invokeOnTargetObject(ResourceLocatorInvoker.java:150)
	at org.jboss.resteasy.core.ResourceLocatorInvoker.invoke(ResourceLocatorInvoker.java:110)
	at org.jboss.resteasy.core.ResourceLocatorInvoker.invokeOnTargetObject(ResourceLocatorInvoker.java:141)
	at org.jboss.resteasy.core.ResourceLocatorInvoker.invoke(ResourceLocatorInvoker.java:104)
	at org.jboss.resteasy.core.SynchronousDispatcher.invoke(SynchronousDispatcher.java:440)
	at org.jboss.resteasy.core.SynchronousDispatcher.lambda$invoke$4(SynchronousDispatcher.java:229)
	at org.jboss.resteasy.core.SynchronousDispatcher.lambda$preprocess$0(SynchronousDispatcher.java:135)
	at org.jboss.resteasy.core.interception.PreMatchContainerRequestContext.filter(PreMatchContainerRequestContext.java:358)
	at org.jboss.resteasy.core.SynchronousDispatcher.preprocess(SynchronousDispatcher.java:138)
	at org.jboss.resteasy.core.SynchronousDispatcher.invoke(SynchronousDispatcher.java:215)
	at org.jboss.resteasy.plugins.server.servlet.ServletContainerDispatcher.service(ServletContainerDispatcher.java:245)
	at org.jboss.resteasy.plugins.server.servlet.HttpServletDispatcher.service(HttpServletDispatcher.java:61)
	at org.jboss.resteasy.plugins.server.servlet.HttpServletDispatcher.service(HttpServletDispatcher.java:56)
	at javax.servlet.http.HttpServlet.service(HttpServlet.java:590)
	at io.undertow.servlet.handlers.ServletHandler.handleRequest(ServletHandler.java:74)
	at io.undertow.servlet.handlers.FilterHandler$FilterChainImpl.doFilter(FilterHandler.java:129)
	at org.keycloak.provider.wildfly.WildFlyRequestFilter.lambda$doFilter$0(WildFlyRequestFilter.java:41)
	at org.keycloak.services.filters.AbstractRequestFilter.filter(AbstractRequestFilter.java:43)
	at org.keycloak.provider.wildfly.WildFlyRequestFilter.doFilter(WildFlyRequestFilter.java:39)
	at io.undertow.servlet.core.ManagedFilter.doFilter(ManagedFilter.java:61)
	at io.undertow.servlet.handlers.FilterHandler$FilterChainImpl.doFilter(FilterHandler.java:131)
	at io.undertow.servlet.handlers.FilterHandler.handleRequest(FilterHandler.java:84)
	at io.undertow.servlet.handlers.security.ServletSecurityRoleHandler.handleRequest(ServletSecurityRoleHandler.java:62)
	at io.undertow.servlet.handlers.ServletChain$1.handleRequest(ServletChain.java:68)
	at io.undertow.servlet.handlers.ServletDispatchingHandler.handleRequest(ServletDispatchingHandler.java:36)
	at org.wildfly.extension.undertow.security.SecurityContextAssociationHandler.handleRequest(SecurityContextAssociationHandler.java:78)
	at io.undertow.server.handlers.PredicateHandler.handleRequest(PredicateHandler.java:43)
	at io.undertow.servlet.handlers.RedirectDirHandler.handleRequest(RedirectDirHandler.java:68)
	at io.undertow.servlet.handlers.security.SSLInformationAssociationHandler.handleRequest(SSLInformationAssociationHandler.java:132)
	at io.undertow.servlet.handlers.security.ServletAuthenticationCallHandler.handleRequest(ServletAuthenticationCallHandler.java:57)
	at io.undertow.server.handlers.PredicateHandler.handleRequest(PredicateHandler.java:43)
	at io.undertow.security.handlers.AbstractConfidentialityHandler.handleRequest(AbstractConfidentialityHandler.java:46)
	at io.undertow.servlet.handlers.security.ServletConfidentialityConstraintHandler.handleRequest(ServletConfidentialityConstraintHandler.java:64)
	at io.undertow.security.handlers.AuthenticationMechanismsHandler.handleRequest(AuthenticationMechanismsHandler.java:60)
	at io.undertow.servlet.handlers.security.CachedAuthenticatedSessionHandler.handleRequest(CachedAuthenticatedSessionHandler.java:77)
	at io.undertow.security.handlers.NotificationReceiverHandler.handleRequest(NotificationReceiverHandler.java:50)
	at io.undertow.security.handlers.AbstractSecurityContextAssociationHandler.handleRequest(AbstractSecurityContextAssociationHandler.java:43)
	at io.undertow.server.handlers.PredicateHandler.handleRequest(PredicateHandler.java:43)
	at org.wildfly.extension.undertow.security.jacc.JACCContextIdHandler.handleRequest(JACCContextIdHandler.java:61)
	at io.undertow.server.handlers.PredicateHandler.handleRequest(PredicateHandler.java:43)
	at org.wildfly.extension.undertow.deployment.GlobalRequestControllerHandler.handleRequest(GlobalRequestControllerHandler.java:68)
	at io.undertow.servlet.handlers.SendErrorPageHandler.handleRequest(SendErrorPageHandler.java:52)
	at io.undertow.server.handlers.PredicateHandler.handleRequest(PredicateHandler.java:43)
	at io.undertow.servlet.handlers.ServletInitialHandler.handleFirstRequest(ServletInitialHandler.java:269)
	at io.undertow.servlet.handlers.ServletInitialHandler.access$100(ServletInitialHandler.java:78)
	at io.undertow.servlet.handlers.ServletInitialHandler$2.call(ServletInitialHandler.java:133)
	at io.undertow.servlet.handlers.ServletInitialHandler$2.call(ServletInitialHandler.java:130)
	at io.undertow.servlet.core.ServletRequestContextThreadSetupAction$1.call(ServletRequestContextThreadSetupAction.java:48)
	at io.undertow.servlet.core.ContextClassLoaderSetupAction$1.call(ContextClassLoaderSetupAction.java:43)
	at org.wildfly.extension.undertow.security.SecurityContextThreadSetupAction.lambda$create$0(SecurityContextThreadSetupAction.java:105)
	at org.wildfly.extension.undertow.deployment.UndertowDeploymentInfoService$UndertowThreadSetupAction.lambda$create$0(UndertowDeploymentInfoService.java:1530)
	at org.wildfly.extension.undertow.deployment.UndertowDeploymentInfoService$UndertowThreadSetupAction.lambda$create$0(UndertowDeploymentInfoService.java:1530)
	at org.wildfly.extension.undertow.deployment.UndertowDeploymentInfoService$UndertowThreadSetupAction.lambda$create$0(UndertowDeploymentInfoService.java:1530)
	at org.wildfly.extension.undertow.deployment.UndertowDeploymentInfoService$UndertowThreadSetupAction.lambda$create$0(UndertowDeploymentInfoService.java:1530)
	at io.undertow.servlet.handlers.ServletInitialHandler.dispatchRequest(ServletInitialHandler.java:249)
	at io.undertow.servlet.handlers.ServletInitialHandler.access$000(ServletInitialHandler.java:78)
	at io.undertow.servlet.handlers.ServletInitialHandler$1.handleRequest(ServletInitialHandler.java:99)
	at io.undertow.server.Connectors.executeRootHandler(Connectors.java:387)
	at io.undertow.server.HttpServerExchange$1.run(HttpServerExchange.java:841)
	at org.jboss.threads.ContextClassLoaderSavingRunnable.run(ContextClassLoaderSavingRunnable.java:35)
	at org.jboss.threads.EnhancedQueueExecutor.safeRun(EnhancedQueueExecutor.java:1990)
	at org.jboss.threads.EnhancedQueueExecutor$ThreadBody.doRunTask(EnhancedQueueExecutor.java:1486)
	at org.jboss.threads.EnhancedQueueExecutor$ThreadBody.run(EnhancedQueueExecutor.java:1377)
	at org.xnio.XnioWorker$WorkerThreadFactory$1$1.run(XnioWorker.java:1280)
	at java.lang.Thread.run(Unknown Source)
Caused by: freemarker.template.TemplateNotFoundException: Template not found for name "index.ftl".
The name was interpreted by this TemplateLoader: org.keycloak.theme.FreeMarkerUtil$ThemeTemplateLoader@6c3407f9.
	at freemarker.template.Configuration.getTemplate(Configuration.java:2845)
	at freemarker.template.Configuration.getTemplate(Configuration.java:2665)
	at org.keycloak.theme.FreeMarkerUtil.getTemplate(FreeMarkerUtil.java:85)
	at org.keycloak.theme.FreeMarkerUtil.processTemplate(FreeMarkerUtil.java:58)
	... 77 more

2021-02-15 15:03:57,554 ERROR [org.keycloak.services.error.KeycloakErrorHandler] (default task-3) Uncaught server error: org.keycloak.theme.FreeMarkerException: Failed to process template index.ftl
	at org.keycloak.theme.FreeMarkerUtil.processTemplate(FreeMarkerUtil.java:71)
	at org.keycloak.services.resources.account.AccountConsole.getMainPage(AccountConsole.java:142)
	at sun.reflect.NativeMethodAccessorImpl.invoke0(Native Method)
	at sun.reflect.NativeMethodAccessorImpl.invoke(Unknown Source)
	at sun.reflect.DelegatingMethodAccessorImpl.invoke(Unknown Source)
	at java.lang.reflect.Method.invoke(Unknown Source)
	at org.jboss.resteasy.core.MethodInjectorImpl.invoke(MethodInjectorImpl.java:138)
	at org.jboss.resteasy.core.ResourceMethodInvoker.internalInvokeOnTarget(ResourceMethodInvoker.java:543)
	at org.jboss.resteasy.core.ResourceMethodInvoker.invokeOnTargetAfterFilter(ResourceMethodInvoker.java:432)
	at org.jboss.resteasy.core.ResourceMethodInvoker.lambda$invokeOnTarget$0(ResourceMethodInvoker.java:393)
	at org.jboss.resteasy.core.interception.PreMatchContainerRequestContext.filter(PreMatchContainerRequestContext.java:358)
	at org.jboss.resteasy.core.ResourceMethodInvoker.invokeOnTarget(ResourceMethodInvoker.java:395)
	at org.jboss.resteasy.core.ResourceMethodInvoker.invoke(ResourceMethodInvoker.java:364)
	at org.jboss.resteasy.core.ResourceLocatorInvoker.invokeOnTargetObject(ResourceLocatorInvoker.java:150)
	at org.jboss.resteasy.core.ResourceLocatorInvoker.invoke(ResourceLocatorInvoker.java:110)
	at org.jboss.resteasy.core.ResourceLocatorInvoker.invokeOnTargetObject(ResourceLocatorInvoker.java:141)
	at org.jboss.resteasy.core.ResourceLocatorInvoker.invoke(ResourceLocatorInvoker.java:104)
	at org.jboss.resteasy.core.SynchronousDispatcher.invoke(SynchronousDispatcher.java:440)
	at org.jboss.resteasy.core.SynchronousDispatcher.lambda$invoke$4(SynchronousDispatcher.java:229)
	at org.jboss.resteasy.core.SynchronousDispatcher.lambda$preprocess$0(SynchronousDispatcher.java:135)
	at org.jboss.resteasy.core.interception.PreMatchContainerRequestContext.filter(PreMatchContainerRequestContext.java:358)
	at org.jboss.resteasy.core.SynchronousDispatcher.preprocess(SynchronousDispatcher.java:138)
	at org.jboss.resteasy.core.SynchronousDispatcher.invoke(SynchronousDispatcher.java:215)
	at org.jboss.resteasy.plugins.server.servlet.ServletContainerDispatcher.service(ServletContainerDispatcher.java:245)
	at org.jboss.resteasy.plugins.server.servlet.HttpServletDispatcher.service(HttpServletDispatcher.java:61)
	at org.jboss.resteasy.plugins.server.servlet.HttpServletDispatcher.service(HttpServletDispatcher.java:56)
	at javax.servlet.http.HttpServlet.service(HttpServlet.java:590)
	at io.undertow.servlet.handlers.ServletHandler.handleRequest(ServletHandler.java:74)
	at io.undertow.servlet.handlers.FilterHandler$FilterChainImpl.doFilter(FilterHandler.java:129)
	at org.keycloak.provider.wildfly.WildFlyRequestFilter.lambda$doFilter$0(WildFlyRequestFilter.java:41)
	at org.keycloak.services.filters.AbstractRequestFilter.filter(AbstractRequestFilter.java:43)
	at org.keycloak.provider.wildfly.WildFlyRequestFilter.doFilter(WildFlyRequestFilter.java:39)
	at io.undertow.servlet.core.ManagedFilter.doFilter(ManagedFilter.java:61)
	at io.undertow.servlet.handlers.FilterHandler$FilterChainImpl.doFilter(FilterHandler.java:131)
	at io.undertow.servlet.handlers.FilterHandler.handleRequest(FilterHandler.java:84)
	at io.undertow.servlet.handlers.security.ServletSecurityRoleHandler.handleRequest(ServletSecurityRoleHandler.java:62)
	at io.undertow.servlet.handlers.ServletChain$1.handleRequest(ServletChain.java:68)
	at io.undertow.servlet.handlers.ServletDispatchingHandler.handleRequest(ServletDispatchingHandler.java:36)
	at org.wildfly.extension.undertow.security.SecurityContextAssociationHandler.handleRequest(SecurityContextAssociationHandler.java:78)
	at io.undertow.server.handlers.PredicateHandler.handleRequest(PredicateHandler.java:43)
	at io.undertow.servlet.handlers.RedirectDirHandler.handleRequest(RedirectDirHandler.java:68)
	at io.undertow.servlet.handlers.security.SSLInformationAssociationHandler.handleRequest(SSLInformationAssociationHandler.java:132)
	at io.undertow.servlet.handlers.security.ServletAuthenticationCallHandler.handleRequest(ServletAuthenticationCallHandler.java:57)
	at io.undertow.server.handlers.PredicateHandler.handleRequest(PredicateHandler.java:43)
	at io.undertow.security.handlers.AbstractConfidentialityHandler.handleRequest(AbstractConfidentialityHandler.java:46)
	at io.undertow.servlet.handlers.security.ServletConfidentialityConstraintHandler.handleRequest(ServletConfidentialityConstraintHandler.java:64)
	at io.undertow.security.handlers.AuthenticationMechanismsHandler.handleRequest(AuthenticationMechanismsHandler.java:60)
	at io.undertow.servlet.handlers.security.CachedAuthenticatedSessionHandler.handleRequest(CachedAuthenticatedSessionHandler.java:77)
	at io.undertow.security.handlers.NotificationReceiverHandler.handleRequest(NotificationReceiverHandler.java:50)
	at io.undertow.security.handlers.AbstractSecurityContextAssociationHandler.handleRequest(AbstractSecurityContextAssociationHandler.java:43)
	at io.undertow.server.handlers.PredicateHandler.handleRequest(PredicateHandler.java:43)
	at org.wildfly.extension.undertow.security.jacc.JACCContextIdHandler.handleRequest(JACCContextIdHandler.java:61)
	at io.undertow.server.handlers.PredicateHandler.handleRequest(PredicateHandler.java:43)
	at org.wildfly.extension.undertow.deployment.GlobalRequestControllerHandler.handleRequest(GlobalRequestControllerHandler.java:68)
	at io.undertow.servlet.handlers.SendErrorPageHandler.handleRequest(SendErrorPageHandler.java:52)
	at io.undertow.server.handlers.PredicateHandler.handleRequest(PredicateHandler.java:43)
	at io.undertow.servlet.handlers.ServletInitialHandler.handleFirstRequest(ServletInitialHandler.java:269)
	at io.undertow.servlet.handlers.ServletInitialHandler.access$100(ServletInitialHandler.java:78)
	at io.undertow.servlet.handlers.ServletInitialHandler$2.call(ServletInitialHandler.java:133)
	at io.undertow.servlet.handlers.ServletInitialHandler$2.call(ServletInitialHandler.java:130)
	at io.undertow.servlet.core.ServletRequestContextThreadSetupAction$1.call(ServletRequestContextThreadSetupAction.java:48)
	at io.undertow.servlet.core.ContextClassLoaderSetupAction$1.call(ContextClassLoaderSetupAction.java:43)
	at org.wildfly.extension.undertow.security.SecurityContextThreadSetupAction.lambda$create$0(SecurityContextThreadSetupAction.java:105)
	at org.wildfly.extension.undertow.deployment.UndertowDeploymentInfoService$UndertowThreadSetupAction.lambda$create$0(UndertowDeploymentInfoService.java:1530)
	at org.wildfly.extension.undertow.deployment.UndertowDeploymentInfoService$UndertowThreadSetupAction.lambda$create$0(UndertowDeploymentInfoService.java:1530)
	at org.wildfly.extension.undertow.deployment.UndertowDeploymentInfoService$UndertowThreadSetupAction.lambda$create$0(UndertowDeploymentInfoService.java:1530)
	at org.wildfly.extension.undertow.deployment.UndertowDeploymentInfoService$UndertowThreadSetupAction.lambda$create$0(UndertowDeploymentInfoService.java:1530)
	at io.undertow.servlet.handlers.ServletInitialHandler.dispatchRequest(ServletInitialHandler.java:249)
	at io.undertow.servlet.handlers.ServletInitialHandler.access$000(ServletInitialHandler.java:78)
	at io.undertow.servlet.handlers.ServletInitialHandler$1.handleRequest(ServletInitialHandler.java:99)
	at io.undertow.server.Connectors.executeRootHandler(Connectors.java:387)
	at io.undertow.server.HttpServerExchange$1.run(HttpServerExchange.java:841)
	at org.jboss.threads.ContextClassLoaderSavingRunnable.run(ContextClassLoaderSavingRunnable.java:35)
	at org.jboss.threads.EnhancedQueueExecutor.safeRun(EnhancedQueueExecutor.java:1990)
	at org.jboss.threads.EnhancedQueueExecutor$ThreadBody.doRunTask(EnhancedQueueExecutor.java:1486)
	at org.jboss.threads.EnhancedQueueExecutor$ThreadBody.run(EnhancedQueueExecutor.java:1377)
	at org.xnio.XnioWorker$WorkerThreadFactory$1$1.run(XnioWorker.java:1280)
	at java.lang.Thread.run(Unknown Source)
Caused by: freemarker.template.TemplateNotFoundException: Template not found for name "index.ftl".
The name was interpreted by this TemplateLoader: org.keycloak.theme.FreeMarkerUtil$ThemeTemplateLoader@49cb64a.
	at freemarker.template.Configuration.getTemplate(Configuration.java:2845)
	at freemarker.template.Configuration.getTemplate(Configuration.java:2665)
	at org.keycloak.theme.FreeMarkerUtil.getTemplate(FreeMarkerUtil.java:85)
	at org.keycloak.theme.FreeMarkerUtil.processTemplate(FreeMarkerUtil.java:58)
	... 77 more

2021-02-15 15:48:27,700 INFO  [org.jboss.modules] (main) JBoss Modules version 1.10.2.Final
2021-02-15 15:48:28,586 INFO  [org.jboss.msc] (main) JBoss MSC version 1.4.12.Final
2021-02-15 15:48:28,598 INFO  [org.jboss.threads] (main) JBoss Threads version 2.4.0.Final
2021-02-15 15:48:28,710 INFO  [org.jboss.as] (MSC service thread 1-2) WFLYSRV0049: Keycloak 12.0.2 (WildFly Core 13.0.3.Final) starting
2021-02-15 15:48:28,712 DEBUG [org.jboss.as.config] (MSC service thread 1-2) Configured system properties:
	awt.toolkit = sun.awt.windows.WToolkit
	file.encoding = Cp1252
	file.encoding.pkg = sun.io
	file.separator = \
	java.awt.graphicsenv = sun.awt.Win32GraphicsEnvironment
	java.awt.printerjob = sun.awt.windows.WPrinterJob
	java.class.path = F:\Wofss\Keycloak\wssKeycloak\keycloak-12.0.2\jboss-modules.jar
	java.class.version = 52.0
	java.endorsed.dirs = C:\Program Files\Java\jre1.8.0_281\lib\endorsed
	java.ext.dirs = C:\Program Files\Java\jre1.8.0_281\lib\ext;C:\Windows\Sun\Java\lib\ext
	java.home = C:\Program Files\Java\jre1.8.0_281
	java.io.tmpdir = C:\Users\engos\AppData\Local\Temp\
	java.library.path = C:\Program Files (x86)\Common Files\Oracle\Java\javapath;C:\Windows\Sun\Java\bin;C:\Windows\system32;C:\Windows;C:\Program Files (x86)\Common Files\Oracle\Java\javapath;C:\Program Files (x86)\Intel\iCLS Client\;C:\Program Files\Intel\iCLS Client\;C:\windows\system32;C:\windows;C:\windows\System32\Wbem;C:\windows\System32\WindowsPowerShell\v1.0\;C:\Program Files (x86)\Intel\Intel(R) Management Engine Components\DAL;C:\Program Files\Intel\Intel(R) Management Engine Components\DAL;C:\Program Files (x86)\Intel\Intel(R) Management Engine Components\IPT;C:\Program Files\Intel\Intel(R) Management Engine Components\IPT;C:\Program Files (x86)\NVIDIA Corporation\PhysX\Common;C:\Windows\system32;C:\Windows;C:\Windows\System32\Wbem;C:\Windows\System32\WindowsPowerShell\v1.0\;C:\Windows\System32\OpenSSH\;C:\Program Files\nodejs\;C:\Program Files\dotnet\;C:\Program Files\Git\cmd;C:\Program Files\Microsoft SQL Server\130\Tools\Binn\;C:\Program Files\Microsoft SQL Server\Client SDK\ODBC\170\Tools\Binn\;C:\Program Files (x86)\dotnet\;C:\Program Files\NVIDIA Corporation\NVIDIA NvDLISR;C:\Users\engos\AppData\Local\Microsoft\WindowsApps;;C:\Users\engos\AppData\Local\Programs\Microsoft VS Code\bin;C:\Users\engos\AppData\Roaming\npm;C:\Users\engos\.dotnet\tools;.
	java.net.preferIPv4Stack = true
	java.runtime.name = Java(TM) SE Runtime Environment
	java.runtime.version = 1.8.0_281-b09
	java.specification.name = Java Platform API Specification
	java.specification.vendor = Oracle Corporation
	java.specification.version = 1.8
	java.util.logging.manager = org.jboss.logmanager.LogManager
	java.vendor = Oracle Corporation
	java.vendor.url = http://java.oracle.com/
	java.vendor.url.bug = http://bugreport.sun.com/bugreport/
	java.version = 1.8.0_281
	java.vm.info = mixed mode
	java.vm.name = Java HotSpot(TM) 64-Bit Server VM
	java.vm.specification.name = Java Virtual Machine Specification
	java.vm.specification.vendor = Oracle Corporation
	java.vm.specification.version = 1.8
	java.vm.vendor = Oracle Corporation
	java.vm.version = 25.281-b09
	javax.management.builder.initial = org.jboss.as.jmx.PluggableMBeanServerBuilder
	jboss.home.dir = F:\Wofss\Keycloak\wssKeycloak\keycloak-12.0.2
	jboss.host.name = osamahassouna
	jboss.modules.dir = F:\Wofss\Keycloak\wssKeycloak\keycloak-12.0.2\modules
	jboss.modules.system.pkgs = org.jboss.byteman
	jboss.node.name = osamahassouna
	jboss.qualified.host.name = osamahassouna
	jboss.server.base.dir = F:\Wofss\Keycloak\wssKeycloak\keycloak-12.0.2\standalone
	jboss.server.config.dir = F:\Wofss\Keycloak\wssKeycloak\keycloak-12.0.2\standalone\configuration
	jboss.server.data.dir = F:\Wofss\Keycloak\wssKeycloak\keycloak-12.0.2\standalone\data
	jboss.server.deploy.dir = F:\Wofss\Keycloak\wssKeycloak\keycloak-12.0.2\standalone\data\content
	jboss.server.log.dir = F:\Wofss\Keycloak\wssKeycloak\keycloak-12.0.2\standalone\log
	jboss.server.name = osamahassouna
	jboss.server.persist.config = true
	jboss.server.temp.dir = F:\Wofss\Keycloak\wssKeycloak\keycloak-12.0.2\standalone\tmp
	line.separator = 

	logging.configuration = file:F:\Wofss\Keycloak\wssKeycloak\keycloak-12.0.2\standalone\configuration/logging.properties
	module.path = F:\Wofss\Keycloak\wssKeycloak\keycloak-12.0.2\modules
	org.jboss.boot.log.file = F:\Wofss\Keycloak\wssKeycloak\keycloak-12.0.2\standalone\log\server.log
	org.jboss.resolver.warning = true
	os.arch = amd64
	os.name = Windows 10
	os.version = 10.0
	path.separator = ;
	program.name = standalone.bat
	sun.arch.data.model = 64
	sun.boot.class.path = C:\Program Files\Java\jre1.8.0_281\lib\resources.jar;C:\Program Files\Java\jre1.8.0_281\lib\rt.jar;C:\Program Files\Java\jre1.8.0_281\lib\sunrsasign.jar;C:\Program Files\Java\jre1.8.0_281\lib\jsse.jar;C:\Program Files\Java\jre1.8.0_281\lib\jce.jar;C:\Program Files\Java\jre1.8.0_281\lib\charsets.jar;C:\Program Files\Java\jre1.8.0_281\lib\jfr.jar;C:\Program Files\Java\jre1.8.0_281\classes
	sun.boot.library.path = C:\Program Files\Java\jre1.8.0_281\bin
	sun.cpu.endian = little
	sun.cpu.isalist = amd64
	sun.desktop = windows
	sun.io.unicode.encoding = UnicodeLittle
	sun.java.command = F:\Wofss\Keycloak\wssKeycloak\keycloak-12.0.2\jboss-modules.jar -mp F:\Wofss\Keycloak\wssKeycloak\keycloak-12.0.2\modules org.jboss.as.standalone -Djboss.home.dir=F:\Wofss\Keycloak\wssKeycloak\keycloak-12.0.2
	sun.java.launcher = SUN_STANDARD
	sun.jnu.encoding = Cp1252
	sun.management.compiler = HotSpot 64-Bit Tiered Compilers
	sun.os.patch.level = 
	sun.stderr.encoding = cp850
	sun.stdout.encoding = cp850
	user.country = GB
	user.dir = F:\Wofss\Keycloak\wssKeycloak\keycloak-12.0.2\bin
	user.home = C:\Users\engos
	user.language = en
	user.name = OsamaHassouna
	user.script = 
	user.timezone = Africa/Cairo
	user.variant = 
2021-02-15 15:48:28,713 DEBUG [org.jboss.as.config] (MSC service thread 1-2) VM Arguments: -Dprogram.name=standalone.bat -Xms64M -Xmx512M -XX:MetaspaceSize=96M -XX:MaxMetaspaceSize=256m -Djava.net.preferIPv4Stack=true -Djboss.modules.system.pkgs=org.jboss.byteman -Dorg.jboss.boot.log.file=F:\Wofss\Keycloak\wssKeycloak\keycloak-12.0.2\standalone\log\server.log -Dlogging.configuration=file:F:\Wofss\Keycloak\wssKeycloak\keycloak-12.0.2\standalone\configuration/logging.properties 
2021-02-15 15:48:29,687 INFO  [org.wildfly.security] (ServerService Thread Pool -- 20) ELY00001: WildFly Elytron version 1.13.1.Final
2021-02-15 15:48:30,581 INFO  [org.jboss.as.controller.management-deprecated] (Controller Boot Thread) WFLYCTL0028: Attribute 'security-realm' in the resource at address '/core-service=management/management-interface=http-interface' is deprecated, and may be removed in a future version. See the attribute description in the output of the read-resource-description operation to learn more about the deprecation.
2021-02-15 15:48:30,648 INFO  [org.jboss.as.controller.management-deprecated] (ServerService Thread Pool -- 8) WFLYCTL0028: Attribute 'security-realm' in the resource at address '/subsystem=undertow/server=default-server/https-listener=https' is deprecated, and may be removed in a future version. See the attribute description in the output of the read-resource-description operation to learn more about the deprecation.
2021-02-15 15:48:30,766 INFO  [org.jboss.as.server] (Controller Boot Thread) WFLYSRV0039: Creating http management service using socket-binding (management-http)
2021-02-15 15:48:30,806 INFO  [org.xnio] (MSC service thread 1-2) XNIO version 3.8.2.Final
2021-02-15 15:48:30,822 INFO  [org.xnio.nio] (MSC service thread 1-2) XNIO NIO Implementation Version 3.8.2.Final
2021-02-15 15:48:30,855 INFO  [org.jboss.as.clustering.infinispan] (ServerService Thread Pool -- 37) WFLYCLINF0001: Activating Infinispan subsystem.
2021-02-15 15:48:30,902 INFO  [org.jboss.as.connector.subsystems.datasources] (ServerService Thread Pool -- 32) WFLYJCA0004: Deploying JDBC-compliant driver class org.h2.Driver (version 1.4)
2021-02-15 15:48:30,932 INFO  [org.jboss.as.connector] (MSC service thread 1-1) WFLYJCA0009: Starting JCA Subsystem (WildFly/IronJacamar 1.4.23.Final)
2021-02-15 15:48:30,963 INFO  [org.jboss.as.jaxrs] (ServerService Thread Pool -- 38) WFLYRS0016: RESTEasy version 3.13.2.Final
2021-02-15 15:48:30,970 INFO  [org.jboss.as.connector.deployers.jdbc] (MSC service thread 1-4) WFLYJCA0018: Started Driver service with driver-name = h2
2021-02-15 15:48:31,055 INFO  [org.jboss.as.naming] (ServerService Thread Pool -- 43) WFLYNAM0001: Activating Naming Subsystem
2021-02-15 15:48:31,071 WARN  [org.jboss.as.txn] (ServerService Thread Pool -- 49) WFLYTX0013: The node-identifier attribute on the /subsystem=transactions is set to the default value. This is a danger for environments running multiple servers. Please make sure the attribute value is unique.
2021-02-15 15:48:31,072 INFO  [org.jboss.as.security] (ServerService Thread Pool -- 48) WFLYSEC0002: Activating Security Subsystem
2021-02-15 15:48:31,129 INFO  [org.wildfly.extension.microprofile.config.smallrye._private] (ServerService Thread Pool -- 51) WFLYCONF0001: Activating WildFly MicroProfile Config Subsystem
2021-02-15 15:48:31,145 INFO  [org.jboss.as.security] (MSC service thread 1-7) WFLYSEC0001: Current PicketBox version=5.0.3.Final-redhat-00006
2021-02-15 15:48:31,158 INFO  [org.wildfly.extension.undertow] (MSC service thread 1-1) WFLYUT0003: Undertow 2.2.2.Final starting
2021-02-15 15:48:31,325 INFO  [org.wildfly.extension.microprofile.health.smallrye] (ServerService Thread Pool -- 52) WFLYHEALTH0001: Activating Eclipse MicroProfile Health Subsystem
2021-02-15 15:48:31,325 INFO  [org.wildfly.extension.microprofile.metrics.smallrye] (ServerService Thread Pool -- 53) WFLYMETRICS0001: Activating Eclipse MicroProfile Metrics Subsystem
2021-02-15 15:48:31,355 WARN  [org.wildfly.clustering.web.undertow] (ServerService Thread Pool -- 54) WFLYCLWEBUT0007: No routing provider found for default-server; using legacy provider based on static configuration
2021-02-15 15:48:31,541 INFO  [org.jboss.as.naming] (MSC service thread 1-6) WFLYNAM0003: Starting Naming Service
2021-02-15 15:48:31,541 INFO  [org.jboss.as.mail.extension] (MSC service thread 1-3) WFLYMAIL0001: Bound mail session [java:jboss/mail/Default]
2021-02-15 15:48:31,572 INFO  [org.wildfly.extension.undertow] (ServerService Thread Pool -- 54) WFLYUT0014: Creating file handler for path 'F:\Wofss\Keycloak\wssKeycloak\keycloak-12.0.2/welcome-content' with options [directory-listing: 'false', follow-symlink: 'false', case-sensitive: 'true', safe-symlink-paths: '[]']
2021-02-15 15:48:31,988 INFO  [org.wildfly.extension.io] (ServerService Thread Pool -- 36) WFLYIO001: Worker 'default' has auto-configured to 8 IO threads with 64 max task threads based on your 4 available processors
2021-02-15 15:48:32,008 INFO  [org.jboss.as.ejb3] (MSC service thread 1-8) WFLYEJB0481: Strict pool slsb-strict-max-pool is using a max instance size of 64 (per class), which is derived from thread worker pool sizing.
2021-02-15 15:48:32,008 INFO  [org.jboss.as.ejb3] (MSC service thread 1-4) WFLYEJB0482: Strict pool mdb-strict-max-pool is using a max instance size of 16 (per class), which is derived from the number of CPUs on this host.
2021-02-15 15:48:32,049 INFO  [org.wildfly.extension.undertow] (MSC service thread 1-1) WFLYUT0012: Started server default-server.
2021-02-15 15:48:32,071 INFO  [org.wildfly.extension.undertow] (MSC service thread 1-6) WFLYUT0018: Host default-host starting
2021-02-15 15:48:32,087 INFO  [org.jboss.remoting] (MSC service thread 1-2) JBoss Remoting version 5.0.19.Final
2021-02-15 15:48:32,127 INFO  [org.jboss.as.patching] (MSC service thread 1-7) WFLYPAT0050: Keycloak cumulative patch ID is: base, one-off patches include: none
2021-02-15 15:48:32,176 WARN  [org.jboss.as.domain.management.security] (MSC service thread 1-6) WFLYDM0111: Keystore F:\Wofss\Keycloak\wssKeycloak\keycloak-12.0.2\standalone\configuration\application.keystore not found, it will be auto generated on first use with a self signed certificate for host localhost
2021-02-15 15:48:32,178 INFO  [org.wildfly.extension.undertow] (MSC service thread 1-4) WFLYUT0006: Undertow HTTP listener default listening on 127.0.0.1:8080
2021-02-15 15:48:32,196 INFO  [org.jboss.as.server.deployment.scanner] (MSC service thread 1-6) WFLYDS0013: Started FileSystemDeploymentService for directory F:\Wofss\Keycloak\wssKeycloak\keycloak-12.0.2\standalone\deployments
2021-02-15 15:48:32,207 INFO  [org.jboss.as.server.deployment] (MSC service thread 1-2) WFLYSRV0027: Starting deployment of "keycloak-server.war" (runtime-name: "keycloak-server.war")
2021-02-15 15:48:32,255 INFO  [org.jboss.as.ejb3] (MSC service thread 1-8) WFLYEJB0493: EJB subsystem suspension complete
2021-02-15 15:48:32,365 INFO  [org.jboss.as.connector.subsystems.datasources] (MSC service thread 1-6) WFLYJCA0001: Bound data source [java:jboss/datasources/ExampleDS]
2021-02-15 15:48:32,365 INFO  [org.jboss.as.connector.subsystems.datasources] (MSC service thread 1-1) WFLYJCA0001: Bound data source [java:jboss/datasources/KeycloakDS]
2021-02-15 15:48:33,010 INFO  [org.wildfly.extension.undertow] (MSC service thread 1-3) WFLYUT0006: Undertow HTTPS listener https listening on 127.0.0.1:8443
2021-02-15 15:48:33,257 INFO  [org.infinispan.CONTAINER] (ServerService Thread Pool -- 56) ISPN000128: Infinispan version: Infinispan 'Corona Extra' 11.0.4.Final
2021-02-15 15:48:33,304 INFO  [org.infinispan.CONFIG] (MSC service thread 1-1) ISPN000152: Passivation configured without an eviction policy being selected. Only manually evicted entities will be passivated.
2021-02-15 15:48:33,306 INFO  [org.infinispan.CONFIG] (MSC service thread 1-1) ISPN000152: Passivation configured without an eviction policy being selected. Only manually evicted entities will be passivated.
2021-02-15 15:48:33,373 INFO  [org.infinispan.PERSISTENCE] (ServerService Thread Pool -- 57) ISPN000556: Starting user marshaller 'org.wildfly.clustering.infinispan.marshalling.jboss.JBossMarshaller'
2021-02-15 15:48:33,374 INFO  [org.infinispan.PERSISTENCE] (ServerService Thread Pool -- 56) ISPN000556: Starting user marshaller 'org.wildfly.clustering.infinispan.spi.marshalling.InfinispanProtoStreamMarshaller'
2021-02-15 15:48:33,613 INFO  [org.jboss.as.clustering.infinispan] (ServerService Thread Pool -- 56) WFLYCLINF0002: Started http-remoting-connector cache from ejb container
2021-02-15 15:48:33,640 INFO  [org.jboss.as.clustering.infinispan] (ServerService Thread Pool -- 57) WFLYCLINF0002: Started offlineClientSessions cache from keycloak container
2021-02-15 15:48:33,641 INFO  [org.jboss.as.clustering.infinispan] (ServerService Thread Pool -- 66) WFLYCLINF0002: Started loginFailures cache from keycloak container
2021-02-15 15:48:33,641 INFO  [org.jboss.as.clustering.infinispan] (ServerService Thread Pool -- 63) WFLYCLINF0002: Started work cache from keycloak container
2021-02-15 15:48:33,644 INFO  [org.jboss.as.clustering.infinispan] (ServerService Thread Pool -- 60) WFLYCLINF0002: Started sessions cache from keycloak container
2021-02-15 15:48:33,644 INFO  [org.jboss.as.clustering.infinispan] (ServerService Thread Pool -- 59) WFLYCLINF0002: Started authenticationSessions cache from keycloak container
2021-02-15 15:48:33,645 INFO  [org.jboss.as.clustering.infinispan] (ServerService Thread Pool -- 61) WFLYCLINF0002: Started actionTokens cache from keycloak container
2021-02-15 15:48:33,645 INFO  [org.jboss.as.clustering.infinispan] (ServerService Thread Pool -- 62) WFLYCLINF0002: Started offlineSessions cache from keycloak container
2021-02-15 15:48:33,646 INFO  [org.jboss.as.clustering.infinispan] (ServerService Thread Pool -- 67) WFLYCLINF0002: Started clientSessions cache from keycloak container
2021-02-15 15:48:33,677 INFO  [org.jboss.as.clustering.infinispan] (ServerService Thread Pool -- 58) WFLYCLINF0002: Started authorization cache from keycloak container
2021-02-15 15:48:33,678 INFO  [org.jboss.as.clustering.infinispan] (ServerService Thread Pool -- 64) WFLYCLINF0002: Started users cache from keycloak container
2021-02-15 15:48:33,678 INFO  [org.jboss.as.clustering.infinispan] (ServerService Thread Pool -- 68) WFLYCLINF0002: Started realms cache from keycloak container
2021-02-15 15:48:33,678 INFO  [org.jboss.as.clustering.infinispan] (ServerService Thread Pool -- 65) WFLYCLINF0002: Started keys cache from keycloak container
2021-02-15 15:48:33,841 WARN  [org.jboss.as.server.deployment] (MSC service thread 1-6) WFLYSRV0273: Excluded subsystem webservices via jboss-deployment-structure.xml does not exist.
2021-02-15 15:48:34,360 INFO  [org.keycloak.services] (ServerService Thread Pool -- 56) KC-SERVICES0001: Loading config from standalone.xml or domain.xml
2021-02-15 15:48:34,439 INFO  [org.keycloak.url.DefaultHostnameProviderFactory] (ServerService Thread Pool -- 56) Frontend: <request>, Admin: <frontend>, Backend: <request>
2021-02-15 15:48:35,056 WARN  [org.infinispan.encoding.impl.StorageConfigurationManager] (ServerService Thread Pool -- 56) ISPN000599: Configuration for cache 'realmRevisions' does not define the encoding for keys or values. If you use operations that require data conversion or queries, you should configure the cache with a specific MediaType for keys or values.
2021-02-15 15:48:35,060 INFO  [org.jboss.as.clustering.infinispan] (ServerService Thread Pool -- 56) WFLYCLINF0002: Started realmRevisions cache from keycloak container
2021-02-15 15:48:35,062 WARN  [org.infinispan.encoding.impl.StorageConfigurationManager] (ServerService Thread Pool -- 56) ISPN000599: Configuration for cache 'userRevisions' does not define the encoding for keys or values. If you use operations that require data conversion or queries, you should configure the cache with a specific MediaType for keys or values.
2021-02-15 15:48:35,064 INFO  [org.jboss.as.clustering.infinispan] (ServerService Thread Pool -- 56) WFLYCLINF0002: Started userRevisions cache from keycloak container
2021-02-15 15:48:35,065 WARN  [org.infinispan.encoding.impl.StorageConfigurationManager] (ServerService Thread Pool -- 56) ISPN000599: Configuration for cache 'authorizationRevisions' does not define the encoding for keys or values. If you use operations that require data conversion or queries, you should configure the cache with a specific MediaType for keys or values.
2021-02-15 15:48:35,068 INFO  [org.jboss.as.clustering.infinispan] (ServerService Thread Pool -- 56) WFLYCLINF0002: Started authorizationRevisions cache from keycloak container
2021-02-15 15:48:35,070 INFO  [org.keycloak.connections.infinispan.DefaultInfinispanConnectionProviderFactory] (ServerService Thread Pool -- 56) Node name: osamahassouna, Site name: null
2021-02-15 15:48:39,885 INFO  [org.keycloak.connections.jpa.DefaultJpaConnectionProviderFactory] (ServerService Thread Pool -- 56) Database info: {databaseUrl=jdbc:h2:F:\Wofss\Keycloak\wssKeycloak\keycloak-12.0.2\standalone\data/keycloak, databaseUser=SA, databaseProduct=H2 1.4.197 (2018-03-18), databaseDriver=H2 JDBC Driver 1.4.197 (2018-03-18)}
2021-02-15 15:48:41,453 INFO  [org.hibernate.jpa.internal.util.LogHelper] (ServerService Thread Pool -- 56) HHH000204: Processing PersistenceUnitInfo [
	name: keycloak-default
	...]
2021-02-15 15:48:41,512 INFO  [org.hibernate.Version] (ServerService Thread Pool -- 56) HHH000412: Hibernate Core {5.3.20.Final}
2021-02-15 15:48:41,514 INFO  [org.hibernate.cfg.Environment] (ServerService Thread Pool -- 56) HHH000206: hibernate.properties not found
2021-02-15 15:48:41,696 INFO  [org.hibernate.annotations.common.Version] (ServerService Thread Pool -- 56) HCANN000001: Hibernate Commons Annotations {5.0.5.Final}
2021-02-15 15:48:41,855 INFO  [org.hibernate.dialect.Dialect] (ServerService Thread Pool -- 56) HHH000400: Using dialect: org.hibernate.dialect.H2Dialect
2021-02-15 15:48:41,863 WARN  [org.hibernate.dialect.H2Dialect] (ServerService Thread Pool -- 56) HHH000431: Unable to determine H2 database version, certain features may not work
2021-02-15 15:48:41,906 INFO  [org.hibernate.envers.boot.internal.EnversServiceImpl] (ServerService Thread Pool -- 56) Envers integration enabled? : true
2021-02-15 15:48:42,359 INFO  [org.hibernate.orm.beans] (ServerService Thread Pool -- 56) HHH10005002: No explicit CDI BeanManager reference was passed to Hibernate, but CDI is available on the Hibernate ClassLoader.
2021-02-15 15:48:42,417 INFO  [org.hibernate.validator.internal.util.Version] (ServerService Thread Pool -- 56) HV000001: Hibernate Validator 6.0.21.Final
2021-02-15 15:48:43,522 INFO  [org.hibernate.hql.internal.QueryTranslatorFactoryInitiator] (ServerService Thread Pool -- 56) HHH000397: Using ASTQueryTranslatorFactory
2021-02-15 15:48:44,279 INFO  [org.jboss.resteasy.resteasy_jaxrs.i18n] (ServerService Thread Pool -- 56) RESTEASY002225: Deploying javax.ws.rs.core.Application: class org.keycloak.services.resources.KeycloakApplication
2021-02-15 15:48:44,280 INFO  [org.jboss.resteasy.resteasy_jaxrs.i18n] (ServerService Thread Pool -- 56) RESTEASY002200: Adding class resource org.keycloak.services.resources.ThemeResource from Application class org.keycloak.services.resources.KeycloakApplication
2021-02-15 15:48:44,281 INFO  [org.jboss.resteasy.resteasy_jaxrs.i18n] (ServerService Thread Pool -- 56) RESTEASY002200: Adding class resource org.keycloak.services.resources.JsResource from Application class org.keycloak.services.resources.KeycloakApplication
2021-02-15 15:48:44,282 INFO  [org.jboss.resteasy.resteasy_jaxrs.i18n] (ServerService Thread Pool -- 56) RESTEASY002205: Adding provider class org.keycloak.services.filters.KeycloakSecurityHeadersFilter from Application class org.keycloak.services.resources.KeycloakApplication
2021-02-15 15:48:44,282 INFO  [org.jboss.resteasy.resteasy_jaxrs.i18n] (ServerService Thread Pool -- 56) RESTEASY002205: Adding provider class org.keycloak.services.error.KeycloakErrorHandler from Application class org.keycloak.services.resources.KeycloakApplication
2021-02-15 15:48:44,283 INFO  [org.jboss.resteasy.resteasy_jaxrs.i18n] (ServerService Thread Pool -- 56) RESTEASY002220: Adding singleton resource org.keycloak.services.resources.RobotsResource from Application class org.keycloak.services.resources.KeycloakApplication
2021-02-15 15:48:44,283 INFO  [org.jboss.resteasy.resteasy_jaxrs.i18n] (ServerService Thread Pool -- 56) RESTEASY002220: Adding singleton resource org.keycloak.services.resources.RealmsResource from Application class org.keycloak.services.resources.KeycloakApplication
2021-02-15 15:48:44,284 INFO  [org.jboss.resteasy.resteasy_jaxrs.i18n] (ServerService Thread Pool -- 56) RESTEASY002210: Adding provider singleton org.keycloak.services.util.ObjectMapperResolver from Application class org.keycloak.services.resources.KeycloakApplication
2021-02-15 15:48:44,284 INFO  [org.jboss.resteasy.resteasy_jaxrs.i18n] (ServerService Thread Pool -- 56) RESTEASY002220: Adding singleton resource org.keycloak.services.resources.admin.AdminRoot from Application class org.keycloak.services.resources.KeycloakApplication
2021-02-15 15:48:44,285 INFO  [org.jboss.resteasy.resteasy_jaxrs.i18n] (ServerService Thread Pool -- 56) RESTEASY002220: Adding singleton resource org.keycloak.services.resources.WelcomeResource from Application class org.keycloak.services.resources.KeycloakApplication
2021-02-15 15:48:44,366 INFO  [org.wildfly.extension.undertow] (ServerService Thread Pool -- 56) WFLYUT0021: Registered web context: '/auth' for server 'default-server'
